# JRE version: Java(TM) SE Runtime Environment (8.0_152-b16) (build 1.8.0_152-b16)
# Java VM: Java HotSpot(TM) 64-Bit Server VM (25.152-b16 mixed mode windows-amd64 compressed oops)
Heap:
 PSYoungGen      total 239104K, used 24969K [0x00000000eb380000, 0x0000000100000000, 0x0000000100000000)
  eden space 221696K, 5% used [0x00000000eb380000,0x00000000ebf6d2b8,0x00000000f8c00000)
  from space 17408K, 73% used [0x00000000fc280000,0x00000000fcef5410,0x00000000fd380000)
  to   space 55808K, 0% used [0x00000000f8c00000,0x00000000f8c00000,0x00000000fc280000)
 ParOldGen       total 186368K, used 107581K [0x00000000c1a00000, 0x00000000cd000000, 0x00000000eb380000)
  object space 186368K, 57% used [0x00000000c1a00000,0x00000000c830f790,0x00000000cd000000)
 Metaspace       used 6706K, capacity 7256K, committed 7424K, reserved 1056768K
  class space    used 638K, capacity 656K, committed 768K, reserved 1048576K
GC Heap History (10 events):
Event: 3.690 GC heap before
{Heap before GC invocations=8 (full 1):
 PSYoungGen      total 144384K, used 15329K [0x00000000eb380000, 0x00000000fdf80000, 0x0000000100000000)
  eden space 129024K, 0% used [0x00000000eb380000,0x00000000eb380000,0x00000000f3180000)
  from space 15360K, 99% used [0x00000000f3180000,0x00000000f4078658,0x00000000f4080000)
  to   space 24576K, 0% used [0x00000000fc780000,0x00000000fc780000,0x00000000fdf80000)
 ParOldGen       total 44032K, used 37289K [0x00000000c1a00000, 0x00000000c4500000, 0x00000000eb380000)
  object space 44032K, 84% used [0x00000000c1a00000,0x00000000c3e6a778,0x00000000c4500000)
 Metaspace       used 6579K, capacity 7256K, committed 7424K, reserved 1056768K
  class space    used 619K, capacity 656K, committed 768K, reserved 1048576K
Event: 4.088 GC heap after
Heap after GC invocations=8 (full 1):
 PSYoungGen      total 144384K, used 6093K [0x00000000eb380000, 0x00000000fdf80000, 0x0000000100000000)
  eden space 129024K, 0% used [0x00000000eb380000,0x00000000eb380000,0x00000000f3180000)
  from space 15360K, 39% used [0x00000000f3180000,0x00000000f37735c8,0x00000000f4080000)
  to   space 24576K, 0% used [0x00000000fc780000,0x00000000fc780000,0x00000000fdf80000)
 ParOldGen       total 85504K, used 43918K [0x00000000c1a00000, 0x00000000c6d80000, 0x00000000eb380000)
  object space 85504K, 51% used [0x00000000c1a00000,0x00000000c44e3bb8,0x00000000c6d80000)
 Metaspace       used 6579K, capacity 7256K, committed 7424K, reserved 1056768K
  class space    used 619K, capacity 656K, committed 768K, reserved 1048576K
}
Event: 4.769 GC heap before
{Heap before GC invocations=9 (full 1):
 PSYoungGen      total 144384K, used 135117K [0x00000000eb380000, 0x00000000fdf80000, 0x0000000100000000)
  eden space 129024K, 100% used [0x00000000eb380000,0x00000000f3180000,0x00000000f3180000)
  from space 15360K, 39% used [0x00000000f3180000,0x00000000f37735c8,0x00000000f4080000)
  to   space 24576K, 0% used [0x00000000fc780000,0x00000000fc780000,0x00000000fdf80000)
 ParOldGen       total 85504K, used 43918K [0x00000000c1a00000, 0x00000000c6d80000, 0x00000000eb380000)
  object space 85504K, 51% used [0x00000000c1a00000,0x00000000c44e3bb8,0x00000000c6d80000)
 Metaspace       used 6682K, capacity 7256K, committed 7424K, reserved 1056768K
  class space    used 638K, capacity 656K, committed 768K, reserved 1048576K
Event: 4.824 GC heap after
Heap after GC invocations=9 (full 1):
 PSYoungGen      total 196096K, used 24544K [0x00000000eb380000, 0x00000000fdf80000, 0x0000000100000000)
  eden space 171520K, 0% used [0x00000000eb380000,0x00000000eb380000,0x00000000f5b00000)
  from space 24576K, 99% used [0x00000000fc780000,0x00000000fdf78020,0x00000000fdf80000)
  to   space 29696K, 0% used [0x00000000fa580000,0x00000000fa580000,0x00000000fc280000)
 ParOldGen       total 85504K, used 45876K [0x00000000c1a00000, 0x00000000c6d80000, 0x00000000eb380000)
  object space 85504K, 53% used [0x00000000c1a00000,0x00000000c46cd360,0x00000000c6d80000)
 Metaspace       used 6682K, capacity 7256K, committed 7424K, reserved 1056768K
  class space    used 638K, capacity 656K, committed 768K, reserved 1048576K
}
Event: 5.684 GC heap before
{Heap before GC invocations=10 (full 1):
 PSYoungGen      total 196096K, used 196064K [0x00000000eb380000, 0x00000000fdf80000, 0x0000000100000000)
  eden space 171520K, 100% used [0x00000000eb380000,0x00000000f5b00000,0x00000000f5b00000)
  from space 24576K, 99% used [0x00000000fc780000,0x00000000fdf78020,0x00000000fdf80000)
  to   space 29696K, 0% used [0x00000000fa580000,0x00000000fa580000,0x00000000fc280000)
 ParOldGen       total 85504K, used 45876K [0x00000000c1a00000, 0x00000000c6d80000, 0x00000000eb380000)
  object space 85504K, 53% used [0x00000000c1a00000,0x00000000c46cd360,0x00000000c6d80000)
 Metaspace       used 6698K, capacity 7256K, committed 7424K, reserved 1056768K
  class space    used 638K, capacity 656K, committed 768K, reserved 1048576K
Event: 5.768 GC heap after
Heap after GC invocations=10 (full 1):
 PSYoungGen      total 239616K, used 29692K [0x00000000eb380000, 0x00000000fd380000, 0x0000000100000000)
  eden space 209920K, 0% used [0x00000000eb380000,0x00000000eb380000,0x00000000f8080000)
  from space 29696K, 99% used [0x00000000fa580000,0x00000000fc27f0f0,0x00000000fc280000)
  to   space 17408K, 0% used [0x00000000fc280000,0x00000000fc280000,0x00000000fd380000)
 ParOldGen       total 85504K, used 65544K [0x00000000c1a00000, 0x00000000c6d80000, 0x00000000eb380000)
  object space 85504K, 76% used [0x00000000c1a00000,0x00000000c5a02130,0x00000000c6d80000)
 Metaspace       used 6698K, capacity 7256K, committed 7424K, reserved 1056768K
  class space    used 638K, capacity 656K, committed 768K, reserved 1048576K
}
Event: 6.686 GC heap before
{Heap before GC invocations=11 (full 1):
 PSYoungGen      total 239616K, used 239612K [0x00000000eb380000, 0x00000000fd380000, 0x0000000100000000)
  eden space 209920K, 100% used [0x00000000eb380000,0x00000000f8080000,0x00000000f8080000)
  from space 29696K, 99% used [0x00000000fa580000,0x00000000fc27f0f0,0x00000000fc280000)
  to   space 17408K, 0% used [0x00000000fc280000,0x00000000fc280000,0x00000000fd380000)
 ParOldGen       total 85504K, used 65544K [0x00000000c1a00000, 0x00000000c6d80000, 0x00000000eb380000)
  object space 85504K, 76% used [0x00000000c1a00000,0x00000000c5a02130,0x00000000c6d80000)
 Metaspace       used 6706K, capacity 7256K, committed 7424K, reserved 1056768K
  class space    used 638K, capacity 656K, committed 768K, reserved 1048576K
Event: 6.781 GC heap after
Heap after GC invocations=11 (full 1):
 PSYoungGen      total 239104K, used 17388K [0x00000000eb380000, 0x0000000100000000, 0x0000000100000000)
  eden space 221696K, 0% used [0x00000000eb380000,0x00000000eb380000,0x00000000f8c00000)
  from space 17408K, 99% used [0x00000000fc280000,0x00000000fd37b2a0,0x00000000fd380000)
  to   space 55808K, 0% used [0x00000000f8c00000,0x00000000f8c00000,0x00000000fc280000)
 ParOldGen       total 108032K, used 107823K [0x00000000c1a00000, 0x00000000c8380000, 0x00000000eb380000)
  object space 108032K, 99% used [0x00000000c1a00000,0x00000000c834bd10,0x00000000c8380000)
 Metaspace       used 6706K, capacity 7256K, committed 7424K, reserved 1056768K
  class space    used 638K, capacity 656K, committed 768K, reserved 1048576K
}
Event: 6.781 GC heap before
{Heap before GC invocations=12 (full 2):
 PSYoungGen      total 239104K, used 17388K [0x00000000eb380000, 0x0000000100000000, 0x0000000100000000)
  eden space 221696K, 0% used [0x00000000eb380000,0x00000000eb380000,0x00000000f8c00000)
  from space 17408K, 99% used [0x00000000fc280000,0x00000000fd37b2a0,0x00000000fd380000)
  to   space 55808K, 0% used [0x00000000f8c00000,0x00000000f8c00000,0x00000000fc280000)
 ParOldGen       total 108032K, used 107823K [0x00000000c1a00000, 0x00000000c8380000, 0x00000000eb380000)
  object space 108032K, 99% used [0x00000000c1a00000,0x00000000c834bd10,0x00000000c8380000)
 Metaspace       used 6706K, capacity 7256K, committed 7424K, reserved 1056768K
  class space    used 638K, capacity 656K, committed 768K, reserved 1048576K
Event: 7.748 GC heap after
Heap after GC invocations=12 (full 2):
 PSYoungGen      total 239104K, used 12757K [0x00000000eb380000, 0x0000000100000000, 0x0000000100000000)
  eden space 221696K, 0% used [0x00000000eb380000,0x00000000eb380000,0x00000000f8c00000)
  from space 17408K, 73% used [0x00000000fc280000,0x00000000fcef5410,0x00000000fd380000)
  to   space 55808K, 0% used [0x00000000f8c00000,0x00000000f8c00000,0x00000000fc280000)
 ParOldGen       total 186368K, used 107581K [0x00000000c1a00000, 0x00000000cd000000, 0x00000000eb380000)
  object space 186368K, 57% used [0x00000000c1a00000,0x00000000c830f790,0x00000000cd000000)
 Metaspace       used 6706K, capacity 7256K, committed 7424K, reserved 1056768K
  class space    used 638K, capacity 656K, committed 768K, reserved 1048576K
}

