# JRE version: Java(TM) SE Runtime Environment (8.0_152-b16) (build 1.8.0_152-b16)
# Java VM: Java HotSpot(TM) 64-Bit Server VM (25.152-b16 mixed mode windows-amd64 compressed oops)
Heap:
 PSYoungGen      total 239616K, used 111626K [0x00000000eb380000, 0x0000000100000000, 0x0000000100000000)
  eden space 178688K, 28% used [0x00000000eb380000,0x00000000ee508e30,0x00000000f6200000)
  from space 60928K, 99% used [0x00000000fc480000,0x00000000ffff9d70,0x0000000100000000)
  to   space 80896K, 0% used [0x00000000f6200000,0x00000000f6200000,0x00000000fb100000)
 ParOldGen       total 237568K, used 174656K [0x00000000c1a00000, 0x00000000d0200000, 0x00000000eb380000)
  object space 237568K, 73% used [0x00000000c1a00000,0x00000000cc490078,0x00000000d0200000)
 Metaspace       used 6957K, capacity 7448K, committed 7680K, reserved 1056768K
  class space    used 652K, capacity 656K, committed 768K, reserved 1048576K
GC Heap History (10 events):
Event: 7.329 GC heap before
{Heap before GC invocations=15 (full 2):
 PSYoungGen      total 221696K, used 218426K [0x00000000eb380000, 0x0000000100000000, 0x0000000100000000)
  eden space 181248K, 100% used [0x00000000eb380000,0x00000000f6480000,0x00000000f6480000)
  from space 40448K, 91% used [0x00000000f9880000,0x00000000fbcce8d8,0x00000000fc000000)
  to   space 53248K, 0% used [0x00000000f6480000,0x00000000f6480000,0x00000000f9880000)
 ParOldGen       total 143872K, used 81338K [0x00000000c1a00000, 0x00000000ca680000, 0x00000000eb380000)
  object space 143872K, 56% used [0x00000000c1a00000,0x00000000c696e948,0x00000000ca680000)
 Metaspace       used 6702K, capacity 7256K, committed 7424K, reserved 1056768K
  class space    used 638K, capacity 656K, committed 768K, reserved 1048576K
Event: 7.442 GC heap after
Heap after GC invocations=15 (full 2):
 PSYoungGen      total 234496K, used 26679K [0x00000000eb380000, 0x00000000fea80000, 0x0000000100000000)
  eden space 181248K, 0% used [0x00000000eb380000,0x00000000eb380000,0x00000000f6480000)
  from space 53248K, 50% used [0x00000000f6480000,0x00000000f7e8dd70,0x00000000f9880000)
  to   space 52224K, 0% used [0x00000000fb780000,0x00000000fb780000,0x00000000fea80000)
 ParOldGen       total 143872K, used 118114K [0x00000000c1a00000, 0x00000000ca680000, 0x00000000eb380000)
  object space 143872K, 82% used [0x00000000c1a00000,0x00000000c8d58868,0x00000000ca680000)
 Metaspace       used 6702K, capacity 7256K, committed 7424K, reserved 1056768K
  class space    used 638K, capacity 656K, committed 768K, reserved 1048576K
}
Event: 7.442 GC heap before
{Heap before GC invocations=16 (full 3):
 PSYoungGen      total 234496K, used 26679K [0x00000000eb380000, 0x00000000fea80000, 0x0000000100000000)
  eden space 181248K, 0% used [0x00000000eb380000,0x00000000eb380000,0x00000000f6480000)
  from space 53248K, 50% used [0x00000000f6480000,0x00000000f7e8dd70,0x00000000f9880000)
  to   space 52224K, 0% used [0x00000000fb780000,0x00000000fb780000,0x00000000fea80000)
 ParOldGen       total 143872K, used 118114K [0x00000000c1a00000, 0x00000000ca680000, 0x00000000eb380000)
  object space 143872K, 82% used [0x00000000c1a00000,0x00000000c8d58868,0x00000000ca680000)
 Metaspace       used 6702K, capacity 7256K, committed 7424K, reserved 1056768K
  class space    used 638K, capacity 656K, committed 768K, reserved 1048576K
Event: 8.242 GC heap after
Heap after GC invocations=16 (full 3):
 PSYoungGen      total 234496K, used 0K [0x00000000eb380000, 0x00000000fea80000, 0x0000000100000000)
  eden space 181248K, 0% used [0x00000000eb380000,0x00000000eb380000,0x00000000f6480000)
  from space 53248K, 0% used [0x00000000f6480000,0x00000000f6480000,0x00000000f9880000)
  to   space 52224K, 0% used [0x00000000fb780000,0x00000000fb780000,0x00000000fea80000)
 ParOldGen       total 237568K, used 143522K [0x00000000c1a00000, 0x00000000d0200000, 0x00000000eb380000)
  object space 237568K, 60% used [0x00000000c1a00000,0x00000000ca628b20,0x00000000d0200000)
 Metaspace       used 6702K, capacity 7256K, committed 7424K, reserved 1056768K
  class space    used 638K, capacity 656K, committed 768K, reserved 1048576K
}
Event: 8.882 GC heap before
{Heap before GC invocations=17 (full 3):
 PSYoungGen      total 234496K, used 181248K [0x00000000eb380000, 0x00000000fea80000, 0x0000000100000000)
  eden space 181248K, 100% used [0x00000000eb380000,0x00000000f6480000,0x00000000f6480000)
  from space 53248K, 0% used [0x00000000f6480000,0x00000000f6480000,0x00000000f9880000)
  to   space 52224K, 0% used [0x00000000fb780000,0x00000000fb780000,0x00000000fea80000)
 ParOldGen       total 237568K, used 143522K [0x00000000c1a00000, 0x00000000d0200000, 0x00000000eb380000)
  object space 237568K, 60% used [0x00000000c1a00000,0x00000000ca628b20,0x00000000d0200000)
 Metaspace       used 6708K, capacity 7256K, committed 7424K, reserved 1056768K
  class space    used 638K, capacity 656K, committed 768K, reserved 1048576K
Event: 8.923 GC heap after
Heap after GC invocations=17 (full 3):
 PSYoungGen      total 239616K, used 26915K [0x00000000eb380000, 0x00000000fdd00000, 0x0000000100000000)
  eden space 201216K, 0% used [0x00000000eb380000,0x00000000eb380000,0x00000000f7800000)
  from space 38400K, 70% used [0x00000000fb780000,0x00000000fd1c8ce8,0x00000000fdd00000)
  to   space 51712K, 0% used [0x00000000f7800000,0x00000000f7800000,0x00000000faa80000)
 ParOldGen       total 237568K, used 143530K [0x00000000c1a00000, 0x00000000d0200000, 0x00000000eb380000)
  object space 237568K, 60% used [0x00000000c1a00000,0x00000000ca62ab20,0x00000000d0200000)
 Metaspace       used 6708K, capacity 7256K, committed 7424K, reserved 1056768K
  class space    used 638K, capacity 656K, committed 768K, reserved 1048576K
}
Event: 9.682 GC heap before
{Heap before GC invocations=18 (full 3):
 PSYoungGen      total 239616K, used 228131K [0x00000000eb380000, 0x00000000fdd00000, 0x0000000100000000)
  eden space 201216K, 100% used [0x00000000eb380000,0x00000000f7800000,0x00000000f7800000)
  from space 38400K, 70% used [0x00000000fb780000,0x00000000fd1c8ce8,0x00000000fdd00000)
  to   space 51712K, 0% used [0x00000000f7800000,0x00000000f7800000,0x00000000faa80000)
 ParOldGen       total 237568K, used 143530K [0x00000000c1a00000, 0x00000000d0200000, 0x00000000eb380000)
  object space 237568K, 60% used [0x00000000c1a00000,0x00000000ca62ab20,0x00000000d0200000)
 Metaspace       used 6710K, capacity 7256K, committed 7424K, reserved 1056768K
  class space    used 638K, capacity 656K, committed 768K, reserved 1048576K
Event: 9.775 GC heap after
Heap after GC invocations=18 (full 3):
 PSYoungGen      total 252928K, used 51703K [0x00000000eb380000, 0x0000000100000000, 0x0000000100000000)
  eden space 201216K, 0% used [0x00000000eb380000,0x00000000eb380000,0x00000000f7800000)
  from space 51712K, 99% used [0x00000000f7800000,0x00000000faa7ddf8,0x00000000faa80000)
  to   space 60928K, 0% used [0x00000000fc480000,0x00000000fc480000,0x0000000100000000)
 ParOldGen       total 237568K, used 147114K [0x00000000c1a00000, 0x00000000d0200000, 0x00000000eb380000)
  object space 237568K, 61% used [0x00000000c1a00000,0x00000000ca9aab90,0x00000000d0200000)
 Metaspace       used 6710K, capacity 7256K, committed 7424K, reserved 1056768K
  class space    used 638K, capacity 656K, committed 768K, reserved 1048576K
}
Event: 10.502 GC heap before
{Heap before GC invocations=19 (full 3):
 PSYoungGen      total 252928K, used 252919K [0x00000000eb380000, 0x0000000100000000, 0x0000000100000000)
  eden space 201216K, 100% used [0x00000000eb380000,0x00000000f7800000,0x00000000f7800000)
  from space 51712K, 99% used [0x00000000f7800000,0x00000000faa7ddf8,0x00000000faa80000)
  to   space 60928K, 0% used [0x00000000fc480000,0x00000000fc480000,0x0000000100000000)
 ParOldGen       total 237568K, used 147114K [0x00000000c1a00000, 0x00000000d0200000, 0x00000000eb380000)
  object space 237568K, 61% used [0x00000000c1a00000,0x00000000ca9aab90,0x00000000d0200000)
 Metaspace       used 6715K, capacity 7256K, committed 7424K, reserved 1056768K
  class space    used 638K, capacity 656K, committed 768K, reserved 1048576K
Event: 10.680 GC heap after
Heap after GC invocations=19 (full 3):
 PSYoungGen      total 239616K, used 60903K [0x00000000eb380000, 0x0000000100000000, 0x0000000100000000)
  eden space 178688K, 0% used [0x00000000eb380000,0x00000000eb380000,0x00000000f6200000)
  from space 60928K, 99% used [0x00000000fc480000,0x00000000ffff9d70,0x0000000100000000)
  to   space 80896K, 0% used [0x00000000f6200000,0x00000000f6200000,0x00000000fb100000)
 ParOldGen       total 237568K, used 174656K [0x00000000c1a00000, 0x00000000d0200000, 0x00000000eb380000)
  object space 237568K, 73% used [0x00000000c1a00000,0x00000000cc490078,0x00000000d0200000)
 Metaspace       used 6715K, capacity 7256K, committed 7424K, reserved 1056768K
  class space    used 638K, capacity 656K, committed 768K, reserved 1048576K
}

