# JRE version: Java(TM) SE Runtime Environment (8.0_152-b16) (build 1.8.0_152-b16)
# Java VM: Java HotSpot(TM) 64-Bit Server VM (25.152-b16 mixed mode windows-amd64 compressed oops)
Heap:
 PSYoungGen      total 144384K, used 66307K [0x00000000eb380000, 0x00000000f8e00000, 0x0000000100000000)
  eden space 129024K, 51% used [0x00000000eb380000,0x00000000ef440da0,0x00000000f3180000)
  from space 15360K, 0% used [0x00000000f3180000,0x00000000f3180000,0x00000000f4080000)
  to   space 35840K, 0% used [0x00000000f6b00000,0x00000000f6b00000,0x00000000f8e00000)
 ParOldGen       total 87040K, used 86619K [0x00000000c1a00000, 0x00000000c6f00000, 0x00000000eb380000)
  object space 87040K, 99% used [0x00000000c1a00000,0x00000000c6e96eb8,0x00000000c6f00000)
 Metaspace       used 6698K, capacity 7256K, committed 7424K, reserved 1056768K
  class space    used 638K, capacity 656K, committed 768K, reserved 1048576K
GC Heap History (10 events):
Event: 3.280 GC heap before
{Heap before GC invocations=7 (full 0):
 PSYoungGen      total 142336K, used 141534K [0x00000000eb380000, 0x00000000f5180000, 0x0000000100000000)
  eden space 129024K, 100% used [0x00000000eb380000,0x00000000f3180000,0x00000000f3180000)
  from space 13312K, 93% used [0x00000000f4080000,0x00000000f4cb7bc8,0x00000000f4d80000)
  to   space 15360K, 0% used [0x00000000f3180000,0x00000000f3180000,0x00000000f4080000)
 ParOldGen       total 44032K, used 23659K [0x00000000c1a00000, 0x00000000c4500000, 0x00000000eb380000)
  object space 44032K, 53% used [0x00000000c1a00000,0x00000000c311ad58,0x00000000c4500000)
 Metaspace       used 6573K, capacity 7256K, committed 7424K, reserved 1056768K
  class space    used 619K, capacity 656K, committed 768K, reserved 1048576K
Event: 3.349 GC heap after
Heap after GC invocations=7 (full 0):
 PSYoungGen      total 144384K, used 15348K [0x00000000eb380000, 0x00000000f5180000, 0x0000000100000000)
  eden space 129024K, 0% used [0x00000000eb380000,0x00000000eb380000,0x00000000f3180000)
  from space 15360K, 99% used [0x00000000f3180000,0x00000000f407d3d8,0x00000000f4080000)
  to   space 13312K, 0% used [0x00000000f4080000,0x00000000f4080000,0x00000000f4d80000)
 ParOldGen       total 44032K, used 37193K [0x00000000c1a00000, 0x00000000c4500000, 0x00000000eb380000)
  object space 44032K, 84% used [0x00000000c1a00000,0x00000000c3e52408,0x00000000c4500000)
 Metaspace       used 6573K, capacity 7256K, committed 7424K, reserved 1056768K
  class space    used 619K, capacity 656K, committed 768K, reserved 1048576K
}
Event: 3.349 GC heap before
{Heap before GC invocations=8 (full 1):
 PSYoungGen      total 144384K, used 15348K [0x00000000eb380000, 0x00000000f5180000, 0x0000000100000000)
  eden space 129024K, 0% used [0x00000000eb380000,0x00000000eb380000,0x00000000f3180000)
  from space 15360K, 99% used [0x00000000f3180000,0x00000000f407d3d8,0x00000000f4080000)
  to   space 13312K, 0% used [0x00000000f4080000,0x00000000f4080000,0x00000000f4d80000)
 ParOldGen       total 44032K, used 37193K [0x00000000c1a00000, 0x00000000c4500000, 0x00000000eb380000)
  object space 44032K, 84% used [0x00000000c1a00000,0x00000000c3e52408,0x00000000c4500000)
 Metaspace       used 6573K, capacity 7256K, committed 7424K, reserved 1056768K
  class space    used 619K, capacity 656K, committed 768K, reserved 1048576K
Event: 3.888 GC heap after
Heap after GC invocations=8 (full 1):
 PSYoungGen      total 144384K, used 6109K [0x00000000eb380000, 0x00000000f5180000, 0x0000000100000000)
  eden space 129024K, 0% used [0x00000000eb380000,0x00000000eb380000,0x00000000f3180000)
  from space 15360K, 39% used [0x00000000f3180000,0x00000000f3777660,0x00000000f4080000)
  to   space 13312K, 0% used [0x00000000f4080000,0x00000000f4080000,0x00000000f4d80000)
 ParOldGen       total 87040K, used 43909K [0x00000000c1a00000, 0x00000000c6f00000, 0x00000000eb380000)
  object space 87040K, 50% used [0x00000000c1a00000,0x00000000c44e1670,0x00000000c6f00000)
 Metaspace       used 6573K, capacity 7256K, committed 7424K, reserved 1056768K
  class space    used 619K, capacity 656K, committed 768K, reserved 1048576K
}
Event: 4.558 GC heap before
{Heap before GC invocations=9 (full 1):
 PSYoungGen      total 144384K, used 135133K [0x00000000eb380000, 0x00000000f5180000, 0x0000000100000000)
  eden space 129024K, 100% used [0x00000000eb380000,0x00000000f3180000,0x00000000f3180000)
  from space 15360K, 39% used [0x00000000f3180000,0x00000000f3777660,0x00000000f4080000)
  to   space 13312K, 0% used [0x00000000f4080000,0x00000000f4080000,0x00000000f4d80000)
 ParOldGen       total 87040K, used 43909K [0x00000000c1a00000, 0x00000000c6f00000, 0x00000000eb380000)
  object space 87040K, 50% used [0x00000000c1a00000,0x00000000c44e1670,0x00000000c6f00000)
 Metaspace       used 6677K, capacity 7256K, committed 7424K, reserved 1056768K
  class space    used 638K, capacity 656K, committed 768K, reserved 1048576K
Event: 4.624 GC heap after
Heap after GC invocations=9 (full 1):
 PSYoungGen      total 142336K, used 13281K [0x00000000eb380000, 0x00000000f5180000, 0x0000000100000000)
  eden space 129024K, 0% used [0x00000000eb380000,0x00000000eb380000,0x00000000f3180000)
  from space 13312K, 99% used [0x00000000f4080000,0x00000000f4d786d0,0x00000000f4d80000)
  to   space 15360K, 0% used [0x00000000f3180000,0x00000000f3180000,0x00000000f4080000)
 ParOldGen       total 87040K, used 56995K [0x00000000c1a00000, 0x00000000c6f00000, 0x00000000eb380000)
  object space 87040K, 65% used [0x00000000c1a00000,0x00000000c51a8fe8,0x00000000c6f00000)
 Metaspace       used 6677K, capacity 7256K, committed 7424K, reserved 1056768K
  class space    used 638K, capacity 656K, committed 768K, reserved 1048576K
}
Event: 5.326 GC heap before
{Heap before GC invocations=10 (full 1):
 PSYoungGen      total 142336K, used 142305K [0x00000000eb380000, 0x00000000f5180000, 0x0000000100000000)
  eden space 129024K, 100% used [0x00000000eb380000,0x00000000f3180000,0x00000000f3180000)
  from space 13312K, 99% used [0x00000000f4080000,0x00000000f4d786d0,0x00000000f4d80000)
  to   space 15360K, 0% used [0x00000000f3180000,0x00000000f3180000,0x00000000f4080000)
 ParOldGen       total 87040K, used 56995K [0x00000000c1a00000, 0x00000000c6f00000, 0x00000000eb380000)
  object space 87040K, 65% used [0x00000000c1a00000,0x00000000c51a8fe8,0x00000000c6f00000)
 Metaspace       used 6694K, capacity 7256K, committed 7424K, reserved 1056768K
  class space    used 638K, capacity 656K, committed 768K, reserved 1048576K
Event: 5.377 GC heap after
Heap after GC invocations=10 (full 1):
 PSYoungGen      total 144384K, used 15337K [0x00000000eb380000, 0x00000000f8e00000, 0x0000000100000000)
  eden space 129024K, 0% used [0x00000000eb380000,0x00000000eb380000,0x00000000f3180000)
  from space 15360K, 99% used [0x00000000f3180000,0x00000000f407a678,0x00000000f4080000)
  to   space 35840K, 0% used [0x00000000f6b00000,0x00000000f6b00000,0x00000000f8e00000)
 ParOldGen       total 87040K, used 74684K [0x00000000c1a00000, 0x00000000c6f00000, 0x00000000eb380000)
  object space 87040K, 85% used [0x00000000c1a00000,0x00000000c62ef320,0x00000000c6f00000)
 Metaspace       used 6694K, capacity 7256K, committed 7424K, reserved 1056768K
  class space    used 638K, capacity 656K, committed 768K, reserved 1048576K
}
Event: 5.377 GC heap before
{Heap before GC invocations=11 (full 2):
 PSYoungGen      total 144384K, used 15337K [0x00000000eb380000, 0x00000000f8e00000, 0x0000000100000000)
  eden space 129024K, 0% used [0x00000000eb380000,0x00000000eb380000,0x00000000f3180000)
  from space 15360K, 99% used [0x00000000f3180000,0x00000000f407a678,0x00000000f4080000)
  to   space 35840K, 0% used [0x00000000f6b00000,0x00000000f6b00000,0x00000000f8e00000)
 ParOldGen       total 87040K, used 74684K [0x00000000c1a00000, 0x00000000c6f00000, 0x00000000eb380000)
  object space 87040K, 85% used [0x00000000c1a00000,0x00000000c62ef320,0x00000000c6f00000)
 Metaspace       used 6694K, capacity 7256K, committed 7424K, reserved 1056768K
  class space    used 638K, capacity 656K, committed 768K, reserved 1048576K
Event: 5.894 GC heap after
Heap after GC invocations=11 (full 2):
 PSYoungGen      total 144384K, used 0K [0x00000000eb380000, 0x00000000f8e00000, 0x0000000100000000)
  eden space 129024K, 0% used [0x00000000eb380000,0x00000000eb380000,0x00000000f3180000)
  from space 15360K, 0% used [0x00000000f3180000,0x00000000f3180000,0x00000000f4080000)
  to   space 35840K, 0% used [0x00000000f6b00000,0x00000000f6b00000,0x00000000f8e00000)
 ParOldGen       total 87040K, used 86619K [0x00000000c1a00000, 0x00000000c6f00000, 0x00000000eb380000)
  object space 87040K, 99% used [0x00000000c1a00000,0x00000000c6e96eb8,0x00000000c6f00000)
 Metaspace       used 6694K, capacity 7256K, committed 7424K, reserved 1056768K
  class space    used 638K, capacity 656K, committed 768K, reserved 1048576K
}

