# JRE version: Java(TM) SE Runtime Environment (8.0_152-b16) (build 1.8.0_152-b16)
# Java VM: Java HotSpot(TM) 64-Bit Server VM (25.152-b16 mixed mode windows-amd64 compressed oops)
Heap:
 PSYoungGen      total 143360K, used 83947K [0x00000000eb380000, 0x00000000f5480000, 0x0000000100000000)
  eden space 125440K, 66% used [0x00000000eb380000,0x00000000f057ad18,0x00000000f2e00000)
  from space 17920K, 0% used [0x00000000f2e00000,0x00000000f2e00000,0x00000000f3f80000)
  to   space 14336K, 0% used [0x00000000f3f80000,0x00000000f3f80000,0x00000000f4d80000)
 ParOldGen       total 44032K, used 44028K [0x00000000c1a00000, 0x00000000c4500000, 0x00000000eb380000)
  object space 44032K, 99% used [0x00000000c1a00000,0x00000000c44ff180,0x00000000c4500000)
 Metaspace       used 6684K, capacity 7256K, committed 7424K, reserved 1056768K
  class space    used 638K, capacity 656K, committed 768K, reserved 1048576K
GC Heap History (10 events):
Event: 1.981 GC heap before
{Heap before GC invocations=7 (full 0):
 PSYoungGen      total 72192K, used 72164K [0x00000000eb380000, 0x00000000f0480000, 0x0000000100000000)
  eden space 64512K, 100% used [0x00000000eb380000,0x00000000ef280000,0x00000000ef280000)
  from space 7680K, 99% used [0x00000000efb00000,0x00000000f0279280,0x00000000f0280000)
  to   space 8704K, 0% used [0x00000000ef280000,0x00000000ef280000,0x00000000efb00000)
 ParOldGen       total 44032K, used 14182K [0x00000000c1a00000, 0x00000000c4500000, 0x00000000eb380000)
  object space 44032K, 32% used [0x00000000c1a00000,0x00000000c27d9858,0x00000000c4500000)
 Metaspace       used 6485K, capacity 7192K, committed 7424K, reserved 1056768K
  class space    used 618K, capacity 656K, committed 768K, reserved 1048576K
Event: 2.013 GC heap after
Heap after GC invocations=7 (full 0):
 PSYoungGen      total 73216K, used 8684K [0x00000000eb380000, 0x00000000f4d80000, 0x0000000100000000)
  eden space 64512K, 0% used [0x00000000eb380000,0x00000000eb380000,0x00000000ef280000)
  from space 8704K, 99% used [0x00000000ef280000,0x00000000efafb128,0x00000000efb00000)
  to   space 14336K, 0% used [0x00000000f3f80000,0x00000000f3f80000,0x00000000f4d80000)
 ParOldGen       total 44032K, used 22480K [0x00000000c1a00000, 0x00000000c4500000, 0x00000000eb380000)
  object space 44032K, 51% used [0x00000000c1a00000,0x00000000c2ff4050,0x00000000c4500000)
 Metaspace       used 6485K, capacity 7192K, committed 7424K, reserved 1056768K
  class space    used 618K, capacity 656K, committed 768K, reserved 1048576K
}
Event: 2.368 GC heap before
{Heap before GC invocations=8 (full 0):
 PSYoungGen      total 73216K, used 73196K [0x00000000eb380000, 0x00000000f4d80000, 0x0000000100000000)
  eden space 64512K, 100% used [0x00000000eb380000,0x00000000ef280000,0x00000000ef280000)
  from space 8704K, 99% used [0x00000000ef280000,0x00000000efafb128,0x00000000efb00000)
  to   space 14336K, 0% used [0x00000000f3f80000,0x00000000f3f80000,0x00000000f4d80000)
 ParOldGen       total 44032K, used 22480K [0x00000000c1a00000, 0x00000000c4500000, 0x00000000eb380000)
  object space 44032K, 51% used [0x00000000c1a00000,0x00000000c2ff4050,0x00000000c4500000)
 Metaspace       used 6532K, capacity 7256K, committed 7424K, reserved 1056768K
  class space    used 619K, capacity 656K, committed 768K, reserved 1048576K
Event: 2.399 GC heap after
Heap after GC invocations=8 (full 0):
 PSYoungGen      total 139776K, used 14334K [0x00000000eb380000, 0x00000000f5480000, 0x0000000100000000)
  eden space 125440K, 0% used [0x00000000eb380000,0x00000000eb380000,0x00000000f2e00000)
  from space 14336K, 99% used [0x00000000f3f80000,0x00000000f4d7fac0,0x00000000f4d80000)
  to   space 17920K, 0% used [0x00000000f2e00000,0x00000000f2e00000,0x00000000f3f80000)
 ParOldGen       total 44032K, used 25624K [0x00000000c1a00000, 0x00000000c4500000, 0x00000000eb380000)
  object space 44032K, 58% used [0x00000000c1a00000,0x00000000c33063b8,0x00000000c4500000)
 Metaspace       used 6532K, capacity 7256K, committed 7424K, reserved 1056768K
  class space    used 619K, capacity 656K, committed 768K, reserved 1048576K
}
Event: 2.978 GC heap before
{Heap before GC invocations=9 (full 0):
 PSYoungGen      total 139776K, used 139774K [0x00000000eb380000, 0x00000000f5480000, 0x0000000100000000)
  eden space 125440K, 100% used [0x00000000eb380000,0x00000000f2e00000,0x00000000f2e00000)
  from space 14336K, 99% used [0x00000000f3f80000,0x00000000f4d7fac0,0x00000000f4d80000)
  to   space 17920K, 0% used [0x00000000f2e00000,0x00000000f2e00000,0x00000000f3f80000)
 ParOldGen       total 44032K, used 25624K [0x00000000c1a00000, 0x00000000c4500000, 0x00000000eb380000)
  object space 44032K, 58% used [0x00000000c1a00000,0x00000000c33063b8,0x00000000c4500000)
 Metaspace       used 6560K, capacity 7256K, committed 7424K, reserved 1056768K
  class space    used 619K, capacity 656K, committed 768K, reserved 1048576K
Event: 3.039 GC heap after
Heap after GC invocations=9 (full 0):
 PSYoungGen      total 143360K, used 17909K [0x00000000eb380000, 0x00000000f5480000, 0x0000000100000000)
  eden space 125440K, 0% used [0x00000000eb380000,0x00000000eb380000,0x00000000f2e00000)
  from space 17920K, 99% used [0x00000000f2e00000,0x00000000f3f7d630,0x00000000f3f80000)
  to   space 14336K, 0% used [0x00000000f3f80000,0x00000000f3f80000,0x00000000f4d80000)
 ParOldGen       total 44032K, used 39374K [0x00000000c1a00000, 0x00000000c4500000, 0x00000000eb380000)
  object space 44032K, 89% used [0x00000000c1a00000,0x00000000c4073a88,0x00000000c4500000)
 Metaspace       used 6560K, capacity 7256K, committed 7424K, reserved 1056768K
  class space    used 619K, capacity 656K, committed 768K, reserved 1048576K
}
Event: 3.039 GC heap before
{Heap before GC invocations=10 (full 1):
 PSYoungGen      total 143360K, used 17909K [0x00000000eb380000, 0x00000000f5480000, 0x0000000100000000)
  eden space 125440K, 0% used [0x00000000eb380000,0x00000000eb380000,0x00000000f2e00000)
  from space 17920K, 99% used [0x00000000f2e00000,0x00000000f3f7d630,0x00000000f3f80000)
  to   space 14336K, 0% used [0x00000000f3f80000,0x00000000f3f80000,0x00000000f4d80000)
 ParOldGen       total 44032K, used 39374K [0x00000000c1a00000, 0x00000000c4500000, 0x00000000eb380000)
  object space 44032K, 89% used [0x00000000c1a00000,0x00000000c4073a88,0x00000000c4500000)
 Metaspace       used 6560K, capacity 7256K, committed 7424K, reserved 1056768K
  class space    used 619K, capacity 656K, committed 768K, reserved 1048576K
Event: 3.433 GC heap after
Heap after GC invocations=10 (full 1):
 PSYoungGen      total 143360K, used 10208K [0x00000000eb380000, 0x00000000f5480000, 0x0000000100000000)
  eden space 125440K, 0% used [0x00000000eb380000,0x00000000eb380000,0x00000000f2e00000)
  from space 17920K, 56% used [0x00000000f2e00000,0x00000000f37f8198,0x00000000f3f80000)
  to   space 14336K, 0% used [0x00000000f3f80000,0x00000000f3f80000,0x00000000f4d80000)
 ParOldGen       total 44032K, used 43535K [0x00000000c1a00000, 0x00000000c4500000, 0x00000000eb380000)
  object space 44032K, 98% used [0x00000000c1a00000,0x00000000c4483f50,0x00000000c4500000)
 Metaspace       used 6560K, capacity 7256K, committed 7424K, reserved 1056768K
  class space    used 619K, capacity 656K, committed 768K, reserved 1048576K
}
Event: 4.024 GC heap before
{Heap before GC invocations=11 (full 2):
 PSYoungGen      total 143360K, used 135648K [0x00000000eb380000, 0x00000000f5480000, 0x0000000100000000)
  eden space 125440K, 100% used [0x00000000eb380000,0x00000000f2e00000,0x00000000f2e00000)
  from space 17920K, 56% used [0x00000000f2e00000,0x00000000f37f8198,0x00000000f3f80000)
  to   space 14336K, 0% used [0x00000000f3f80000,0x00000000f3f80000,0x00000000f4d80000)
 ParOldGen       total 44032K, used 43535K [0x00000000c1a00000, 0x00000000c4500000, 0x00000000eb380000)
  object space 44032K, 98% used [0x00000000c1a00000,0x00000000c4483f50,0x00000000c4500000)
 Metaspace       used 6672K, capacity 7256K, committed 7424K, reserved 1056768K
  class space    used 638K, capacity 656K, committed 768K, reserved 1048576K
Event: 4.611 GC heap after
Heap after GC invocations=11 (full 2):
 PSYoungGen      total 143360K, used 28099K [0x00000000eb380000, 0x00000000f5480000, 0x0000000100000000)
  eden space 125440K, 22% used [0x00000000eb380000,0x00000000ecef0c28,0x00000000f2e00000)
  from space 17920K, 0% used [0x00000000f2e00000,0x00000000f2e00000,0x00000000f3f80000)
  to   space 14336K, 0% used [0x00000000f3f80000,0x00000000f3f80000,0x00000000f4d80000)
 ParOldGen       total 44032K, used 44028K [0x00000000c1a00000, 0x00000000c4500000, 0x00000000eb380000)
  object space 44032K, 99% used [0x00000000c1a00000,0x00000000c44ff180,0x00000000c4500000)
 Metaspace       used 6672K, capacity 7256K, committed 7424K, reserved 1056768K
  class space    used 638K, capacity 656K, committed 768K, reserved 1048576K
}

