# JRE version: Java(TM) SE Runtime Environment (8.0_152-b16) (build 1.8.0_152-b16)
# Java VM: Java HotSpot(TM) 64-Bit Server VM (25.152-b16 mixed mode windows-amd64 compressed oops)
Heap:
 PSYoungGen      total 236544K, used 150668K [0x00000000eb380000, 0x0000000100000000, 0x0000000100000000)
  eden space 189952K, 54% used [0x00000000eb380000,0x00000000f1929150,0x00000000f6d00000)
  from space 46592K, 99% used [0x00000000f6d00000,0x00000000f9a7a080,0x00000000f9a80000)
  to   space 59904K, 0% used [0x00000000fc580000,0x00000000fc580000,0x0000000100000000)
 ParOldGen       total 145920K, used 98293K [0x00000000c1a00000, 0x00000000ca880000, 0x00000000eb380000)
  object space 145920K, 67% used [0x00000000c1a00000,0x00000000c79fd4f0,0x00000000ca880000)
 Metaspace       used 6704K, capacity 7256K, committed 7424K, reserved 1056768K
  class space    used 638K, capacity 656K, committed 768K, reserved 1048576K
GC Heap History (10 events):
Event: 3.970 GC heap before
{Heap before GC invocations=11 (full 1):
 PSYoungGen      total 143360K, used 135625K [0x00000000eb380000, 0x00000000faa80000, 0x0000000100000000)
  eden space 125440K, 100% used [0x00000000eb380000,0x00000000f2e00000,0x00000000f2e00000)
  from space 17920K, 56% used [0x00000000f2e00000,0x00000000f37f2780,0x00000000f3f80000)
  to   space 26112K, 0% used [0x00000000f9100000,0x00000000f9100000,0x00000000faa80000)
 ParOldGen       total 81408K, used 43754K [0x00000000c1a00000, 0x00000000c6980000, 0x00000000eb380000)
  object space 81408K, 53% used [0x00000000c1a00000,0x00000000c44babc8,0x00000000c6980000)
 Metaspace       used 6671K, capacity 7256K, committed 7424K, reserved 1056768K
  class space    used 638K, capacity 656K, committed 768K, reserved 1048576K
Event: 4.037 GC heap after
Heap after GC invocations=11 (full 1):
 PSYoungGen      total 179712K, used 24569K [0x00000000eb380000, 0x00000000fa900000, 0x0000000100000000)
  eden space 155136K, 0% used [0x00000000eb380000,0x00000000eb380000,0x00000000f4b00000)
  from space 24576K, 99% used [0x00000000f9100000,0x00000000fa8fe440,0x00000000fa900000)
  to   space 29696K, 0% used [0x00000000f6f00000,0x00000000f6f00000,0x00000000f8c00000)
 ParOldGen       total 81408K, used 49010K [0x00000000c1a00000, 0x00000000c6980000, 0x00000000eb380000)
  object space 81408K, 60% used [0x00000000c1a00000,0x00000000c49dcbe0,0x00000000c6980000)
 Metaspace       used 6671K, capacity 7256K, committed 7424K, reserved 1056768K
  class space    used 638K, capacity 656K, committed 768K, reserved 1048576K
}
Event: 4.673 GC heap before
{Heap before GC invocations=12 (full 1):
 PSYoungGen      total 179712K, used 179705K [0x00000000eb380000, 0x00000000fa900000, 0x0000000100000000)
  eden space 155136K, 100% used [0x00000000eb380000,0x00000000f4b00000,0x00000000f4b00000)
  from space 24576K, 99% used [0x00000000f9100000,0x00000000fa8fe440,0x00000000fa900000)
  to   space 29696K, 0% used [0x00000000f6f00000,0x00000000f6f00000,0x00000000f8c00000)
 ParOldGen       total 81408K, used 49010K [0x00000000c1a00000, 0x00000000c6980000, 0x00000000eb380000)
  object space 81408K, 60% used [0x00000000c1a00000,0x00000000c49dcbe0,0x00000000c6980000)
 Metaspace       used 6685K, capacity 7256K, committed 7424K, reserved 1056768K
  class space    used 638K, capacity 656K, committed 768K, reserved 1048576K
Event: 4.767 GC heap after
Heap after GC invocations=12 (full 1):
 PSYoungGen      total 221696K, used 29666K [0x00000000eb380000, 0x00000000fc200000, 0x0000000100000000)
  eden space 192000K, 0% used [0x00000000eb380000,0x00000000eb380000,0x00000000f6f00000)
  from space 29696K, 99% used [0x00000000f6f00000,0x00000000f8bf88b8,0x00000000f8c00000)
  to   space 40448K, 0% used [0x00000000f9a80000,0x00000000f9a80000,0x00000000fc200000)
 ParOldGen       total 81408K, used 64995K [0x00000000c1a00000, 0x00000000c6980000, 0x00000000eb380000)
  object space 81408K, 79% used [0x00000000c1a00000,0x00000000c5978f08,0x00000000c6980000)
 Metaspace       used 6685K, capacity 7256K, committed 7424K, reserved 1056768K
  class space    used 638K, capacity 656K, committed 768K, reserved 1048576K
}
Event: 5.574 GC heap before
{Heap before GC invocations=13 (full 1):
 PSYoungGen      total 221696K, used 221666K [0x00000000eb380000, 0x00000000fc200000, 0x0000000100000000)
  eden space 192000K, 100% used [0x00000000eb380000,0x00000000f6f00000,0x00000000f6f00000)
  from space 29696K, 99% used [0x00000000f6f00000,0x00000000f8bf88b8,0x00000000f8c00000)
  to   space 40448K, 0% used [0x00000000f9a80000,0x00000000f9a80000,0x00000000fc200000)
 ParOldGen       total 81408K, used 64995K [0x00000000c1a00000, 0x00000000c6980000, 0x00000000eb380000)
  object space 81408K, 79% used [0x00000000c1a00000,0x00000000c5978f08,0x00000000c6980000)
 Metaspace       used 6695K, capacity 7256K, committed 7424K, reserved 1056768K
  class space    used 638K, capacity 656K, committed 768K, reserved 1048576K
Event: 5.657 GC heap after
Heap after GC invocations=13 (full 1):
 PSYoungGen      total 230400K, used 38951K [0x00000000eb380000, 0x00000000ffc00000, 0x0000000100000000)
  eden space 189952K, 0% used [0x00000000eb380000,0x00000000eb380000,0x00000000f6d00000)
  from space 40448K, 96% used [0x00000000f9a80000,0x00000000fc089f10,0x00000000fc200000)
  to   space 46592K, 0% used [0x00000000f6d00000,0x00000000f6d00000,0x00000000f9a80000)
 ParOldGen       total 82944K, used 82510K [0x00000000c1a00000, 0x00000000c6b00000, 0x00000000eb380000)
  object space 82944K, 99% used [0x00000000c1a00000,0x00000000c6a93968,0x00000000c6b00000)
 Metaspace       used 6695K, capacity 7256K, committed 7424K, reserved 1056768K
  class space    used 638K, capacity 656K, committed 768K, reserved 1048576K
}
Event: 5.657 GC heap before
{Heap before GC invocations=14 (full 2):
 PSYoungGen      total 230400K, used 38951K [0x00000000eb380000, 0x00000000ffc00000, 0x0000000100000000)
  eden space 189952K, 0% used [0x00000000eb380000,0x00000000eb380000,0x00000000f6d00000)
  from space 40448K, 96% used [0x00000000f9a80000,0x00000000fc089f10,0x00000000fc200000)
  to   space 46592K, 0% used [0x00000000f6d00000,0x00000000f6d00000,0x00000000f9a80000)
 ParOldGen       total 82944K, used 82510K [0x00000000c1a00000, 0x00000000c6b00000, 0x00000000eb380000)
  object space 82944K, 99% used [0x00000000c1a00000,0x00000000c6a93968,0x00000000c6b00000)
 Metaspace       used 6695K, capacity 7256K, committed 7424K, reserved 1056768K
  class space    used 638K, capacity 656K, committed 768K, reserved 1048576K
Event: 6.561 GC heap after
Heap after GC invocations=14 (full 2):
 PSYoungGen      total 230400K, used 36711K [0x00000000eb380000, 0x00000000ffc00000, 0x0000000100000000)
  eden space 189952K, 0% used [0x00000000eb380000,0x00000000eb380000,0x00000000f6d00000)
  from space 40448K, 90% used [0x00000000f9a80000,0x00000000fbe59ec8,0x00000000fc200000)
  to   space 46592K, 0% used [0x00000000f6d00000,0x00000000f6d00000,0x00000000f9a80000)
 ParOldGen       total 145920K, used 82508K [0x00000000c1a00000, 0x00000000ca880000, 0x00000000eb380000)
  object space 145920K, 56% used [0x00000000c1a00000,0x00000000c6a93330,0x00000000ca880000)
 Metaspace       used 6695K, capacity 7256K, committed 7424K, reserved 1056768K
  class space    used 638K, capacity 656K, committed 768K, reserved 1048576K
}
Event: 7.372 GC heap before
{Heap before GC invocations=15 (full 2):
 PSYoungGen      total 230400K, used 226663K [0x00000000eb380000, 0x00000000ffc00000, 0x0000000100000000)
  eden space 189952K, 100% used [0x00000000eb380000,0x00000000f6d00000,0x00000000f6d00000)
  from space 40448K, 90% used [0x00000000f9a80000,0x00000000fbe59ec8,0x00000000fc200000)
  to   space 46592K, 0% used [0x00000000f6d00000,0x00000000f6d00000,0x00000000f9a80000)
 ParOldGen       total 145920K, used 82508K [0x00000000c1a00000, 0x00000000ca880000, 0x00000000eb380000)
  object space 145920K, 56% used [0x00000000c1a00000,0x00000000c6a93330,0x00000000ca880000)
 Metaspace       used 6699K, capacity 7256K, committed 7424K, reserved 1056768K
  class space    used 638K, capacity 656K, committed 768K, reserved 1048576K
Event: 7.461 GC heap after
Heap after GC invocations=15 (full 2):
 PSYoungGen      total 236544K, used 46568K [0x00000000eb380000, 0x0000000100000000, 0x0000000100000000)
  eden space 189952K, 0% used [0x00000000eb380000,0x00000000eb380000,0x00000000f6d00000)
  from space 46592K, 99% used [0x00000000f6d00000,0x00000000f9a7a080,0x00000000f9a80000)
  to   space 59904K, 0% used [0x00000000fc580000,0x00000000fc580000,0x0000000100000000)
 ParOldGen       total 145920K, used 98293K [0x00000000c1a00000, 0x00000000ca880000, 0x00000000eb380000)
  object space 145920K, 67% used [0x00000000c1a00000,0x00000000c79fd4f0,0x00000000ca880000)
 Metaspace       used 6699K, capacity 7256K, committed 7424K, reserved 1056768K
  class space    used 638K, capacity 656K, committed 768K, reserved 1048576K
}

