# JRE version: Java(TM) SE Runtime Environment (8.0_152-b16) (build 1.8.0_152-b16)
# Java VM: Java HotSpot(TM) 64-Bit Server VM (25.152-b16 mixed mode windows-amd64 compressed oops)
Heap:
 PSYoungGen      total 143872K, used 66802K [0x00000000eb380000, 0x00000000fab80000, 0x0000000100000000)
  eden space 125952K, 44% used [0x00000000eb380000,0x00000000eeac6e18,0x00000000f2e80000)
  from space 17920K, 56% used [0x00000000f2e80000,0x00000000f3875b88,0x00000000f4000000)
  to   space 26112K, 0% used [0x00000000f9200000,0x00000000f9200000,0x00000000fab80000)
 ParOldGen       total 44032K, used 43801K [0x00000000c1a00000, 0x00000000c4500000, 0x00000000eb380000)
  object space 44032K, 99% used [0x00000000c1a00000,0x00000000c44c6400,0x00000000c4500000)
 Metaspace       used 6665K, capacity 7256K, committed 7424K, reserved 1056768K
  class space    used 638K, capacity 656K, committed 768K, reserved 1048576K
GC Heap History (10 events):
Event: 1.645 GC heap before
{Heap before GC invocations=6 (full 0):
 PSYoungGen      total 35328K, used 35296K [0x00000000eb380000, 0x00000000f0380000, 0x0000000100000000)
  eden space 32768K, 100% used [0x00000000eb380000,0x00000000ed380000,0x00000000ed380000)
  from space 2560K, 98% used [0x00000000ed380000,0x00000000ed5f8018,0x00000000ed600000)
  to   space 8192K, 0% used [0x00000000efb80000,0x00000000efb80000,0x00000000f0380000)
 ParOldGen       total 44032K, used 14213K [0x00000000c1a00000, 0x00000000c4500000, 0x00000000eb380000)
  object space 44032K, 32% used [0x00000000c1a00000,0x00000000c27e1768,0x00000000c4500000)
 Metaspace       used 6450K, capacity 7192K, committed 7424K, reserved 1056768K
  class space    used 618K, capacity 656K, committed 768K, reserved 1048576K
Event: 1.664 GC heap after
Heap after GC invocations=6 (full 0):
 PSYoungGen      total 73216K, used 7569K [0x00000000eb380000, 0x00000000f0480000, 0x0000000100000000)
  eden space 65024K, 0% used [0x00000000eb380000,0x00000000eb380000,0x00000000ef300000)
  from space 8192K, 92% used [0x00000000efb80000,0x00000000f02e4470,0x00000000f0380000)
  to   space 8704K, 0% used [0x00000000ef300000,0x00000000ef300000,0x00000000efb80000)
 ParOldGen       total 44032K, used 14213K [0x00000000c1a00000, 0x00000000c4500000, 0x00000000eb380000)
  object space 44032K, 32% used [0x00000000c1a00000,0x00000000c27e1768,0x00000000c4500000)
 Metaspace       used 6450K, capacity 7192K, committed 7424K, reserved 1056768K
  class space    used 618K, capacity 656K, committed 768K, reserved 1048576K
}
Event: 2.031 GC heap before
{Heap before GC invocations=7 (full 0):
 PSYoungGen      total 73216K, used 72593K [0x00000000eb380000, 0x00000000f0480000, 0x0000000100000000)
  eden space 65024K, 100% used [0x00000000eb380000,0x00000000ef300000,0x00000000ef300000)
  from space 8192K, 92% used [0x00000000efb80000,0x00000000f02e4470,0x00000000f0380000)
  to   space 8704K, 0% used [0x00000000ef300000,0x00000000ef300000,0x00000000efb80000)
 ParOldGen       total 44032K, used 14213K [0x00000000c1a00000, 0x00000000c4500000, 0x00000000eb380000)
  object space 44032K, 32% used [0x00000000c1a00000,0x00000000c27e1768,0x00000000c4500000)
 Metaspace       used 6487K, capacity 7192K, committed 7424K, reserved 1056768K
  class space    used 618K, capacity 656K, committed 768K, reserved 1048576K
Event: 2.075 GC heap after
Heap after GC invocations=7 (full 0):
 PSYoungGen      total 73728K, used 8686K [0x00000000eb380000, 0x00000000f4d80000, 0x0000000100000000)
  eden space 65024K, 0% used [0x00000000eb380000,0x00000000eb380000,0x00000000ef300000)
  from space 8704K, 99% used [0x00000000ef300000,0x00000000efb7ba38,0x00000000efb80000)
  to   space 13824K, 0% used [0x00000000f4000000,0x00000000f4000000,0x00000000f4d80000)
 ParOldGen       total 44032K, used 22454K [0x00000000c1a00000, 0x00000000c4500000, 0x00000000eb380000)
  object space 44032K, 50% used [0x00000000c1a00000,0x00000000c2feda30,0x00000000c4500000)
 Metaspace       used 6487K, capacity 7192K, committed 7424K, reserved 1056768K
  class space    used 618K, capacity 656K, committed 768K, reserved 1048576K
}
Event: 2.429 GC heap before
{Heap before GC invocations=8 (full 0):
 PSYoungGen      total 73728K, used 73710K [0x00000000eb380000, 0x00000000f4d80000, 0x0000000100000000)
  eden space 65024K, 100% used [0x00000000eb380000,0x00000000ef300000,0x00000000ef300000)
  from space 8704K, 99% used [0x00000000ef300000,0x00000000efb7ba38,0x00000000efb80000)
  to   space 13824K, 0% used [0x00000000f4000000,0x00000000f4000000,0x00000000f4d80000)
 ParOldGen       total 44032K, used 22454K [0x00000000c1a00000, 0x00000000c4500000, 0x00000000eb380000)
  object space 44032K, 50% used [0x00000000c1a00000,0x00000000c2feda30,0x00000000c4500000)
 Metaspace       used 6530K, capacity 7256K, committed 7424K, reserved 1056768K
  class space    used 619K, capacity 656K, committed 768K, reserved 1048576K
Event: 2.459 GC heap after
Heap after GC invocations=8 (full 0):
 PSYoungGen      total 139776K, used 13807K [0x00000000eb380000, 0x00000000f5580000, 0x0000000100000000)
  eden space 125952K, 0% used [0x00000000eb380000,0x00000000eb380000,0x00000000f2e80000)
  from space 13824K, 99% used [0x00000000f4000000,0x00000000f4d7bf88,0x00000000f4d80000)
  to   space 17920K, 0% used [0x00000000f2e80000,0x00000000f2e80000,0x00000000f4000000)
 ParOldGen       total 44032K, used 26175K [0x00000000c1a00000, 0x00000000c4500000, 0x00000000eb380000)
  object space 44032K, 59% used [0x00000000c1a00000,0x00000000c338fe90,0x00000000c4500000)
 Metaspace       used 6530K, capacity 7256K, committed 7424K, reserved 1056768K
  class space    used 619K, capacity 656K, committed 768K, reserved 1048576K
}
Event: 3.086 GC heap before
{Heap before GC invocations=9 (full 0):
 PSYoungGen      total 139776K, used 139759K [0x00000000eb380000, 0x00000000f5580000, 0x0000000100000000)
  eden space 125952K, 100% used [0x00000000eb380000,0x00000000f2e80000,0x00000000f2e80000)
  from space 13824K, 99% used [0x00000000f4000000,0x00000000f4d7bf88,0x00000000f4d80000)
  to   space 17920K, 0% used [0x00000000f2e80000,0x00000000f2e80000,0x00000000f4000000)
 ParOldGen       total 44032K, used 26175K [0x00000000c1a00000, 0x00000000c4500000, 0x00000000eb380000)
  object space 44032K, 59% used [0x00000000c1a00000,0x00000000c338fe90,0x00000000c4500000)
 Metaspace       used 6556K, capacity 7256K, committed 7424K, reserved 1056768K
  class space    used 619K, capacity 656K, committed 768K, reserved 1048576K
Event: 3.169 GC heap after
Heap after GC invocations=9 (full 0):
 PSYoungGen      total 143872K, used 17915K [0x00000000eb380000, 0x00000000fab80000, 0x0000000100000000)
  eden space 125952K, 0% used [0x00000000eb380000,0x00000000eb380000,0x00000000f2e80000)
  from space 17920K, 99% used [0x00000000f2e80000,0x00000000f3ffed80,0x00000000f4000000)
  to   space 26112K, 0% used [0x00000000f9200000,0x00000000f9200000,0x00000000fab80000)
 ParOldGen       total 44032K, used 39649K [0x00000000c1a00000, 0x00000000c4500000, 0x00000000eb380000)
  object space 44032K, 90% used [0x00000000c1a00000,0x00000000c40b8750,0x00000000c4500000)
 Metaspace       used 6556K, capacity 7256K, committed 7424K, reserved 1056768K
  class space    used 619K, capacity 656K, committed 768K, reserved 1048576K
}
Event: 3.169 GC heap before
{Heap before GC invocations=10 (full 1):
 PSYoungGen      total 143872K, used 17915K [0x00000000eb380000, 0x00000000fab80000, 0x0000000100000000)
  eden space 125952K, 0% used [0x00000000eb380000,0x00000000eb380000,0x00000000f2e80000)
  from space 17920K, 99% used [0x00000000f2e80000,0x00000000f3ffed80,0x00000000f4000000)
  to   space 26112K, 0% used [0x00000000f9200000,0x00000000f9200000,0x00000000fab80000)
 ParOldGen       total 44032K, used 39649K [0x00000000c1a00000, 0x00000000c4500000, 0x00000000eb380000)
  object space 44032K, 90% used [0x00000000c1a00000,0x00000000c40b8750,0x00000000c4500000)
 Metaspace       used 6556K, capacity 7256K, committed 7424K, reserved 1056768K
  class space    used 619K, capacity 656K, committed 768K, reserved 1048576K
Event: 3.537 GC heap after
Heap after GC invocations=10 (full 1):
 PSYoungGen      total 143872K, used 10198K [0x00000000eb380000, 0x00000000fab80000, 0x0000000100000000)
  eden space 125952K, 0% used [0x00000000eb380000,0x00000000eb380000,0x00000000f2e80000)
  from space 17920K, 56% used [0x00000000f2e80000,0x00000000f3875b88,0x00000000f4000000)
  to   space 26112K, 0% used [0x00000000f9200000,0x00000000f9200000,0x00000000fab80000)
 ParOldGen       total 44032K, used 43801K [0x00000000c1a00000, 0x00000000c4500000, 0x00000000eb380000)
  object space 44032K, 99% used [0x00000000c1a00000,0x00000000c44c6400,0x00000000c4500000)
 Metaspace       used 6556K, capacity 7256K, committed 7424K, reserved 1056768K
  class space    used 619K, capacity 656K, committed 768K, reserved 1048576K
}

