# JRE version: Java(TM) SE Runtime Environment (8.0_152-b16) (build 1.8.0_152-b16)
# Java VM: Java HotSpot(TM) 64-Bit Server VM (25.152-b16 mixed mode windows-amd64 compressed oops)
Heap:
 PSYoungGen      total 34816K, used 15794K [0x00000000eb380000, 0x00000000ee480000, 0x0000000100000000)
  eden space 21504K, 73% used [0x00000000eb380000,0x00000000ec2ecb40,0x00000000ec880000)
  from space 13312K, 0% used [0x00000000ec880000,0x00000000ec880000,0x00000000ed580000)
  to   space 12800K, 0% used [0x00000000ed800000,0x00000000ed800000,0x00000000ee480000)
 ParOldGen       total 30208K, used 29868K [0x00000000c1a00000, 0x00000000c3780000, 0x00000000eb380000)
  object space 30208K, 98% used [0x00000000c1a00000,0x00000000c372b320,0x00000000c3780000)
 Metaspace       used 9485K, capacity 10068K, committed 10368K, reserved 1058816K
  class space    used 1006K, capacity 1040K, committed 1152K, reserved 1048576K
GC Heap History (10 events):
Event: 2.080 GC heap before
{Heap before GC invocations=13 (full 2):
 PSYoungGen      total 27648K, used 27643K [0x00000000eb380000, 0x00000000edb00000, 0x0000000100000000)
  eden space 22016K, 100% used [0x00000000eb380000,0x00000000ec900000,0x00000000ec900000)
  from space 5632K, 99% used [0x00000000ed000000,0x00000000ed57edd0,0x00000000ed580000)
  to   space 7168K, 0% used [0x00000000ec900000,0x00000000ec900000,0x00000000ed000000)
 ParOldGen       total 17408K, used 11037K [0x00000000c1a00000, 0x00000000c2b00000, 0x00000000eb380000)
  object space 17408K, 63% used [0x00000000c1a00000,0x00000000c24c7510,0x00000000c2b00000)
 Metaspace       used 7767K, capacity 8500K, committed 8704K, reserved 1056768K
  class space    used 908K, capacity 944K, committed 1024K, reserved 1048576K
Event: 2.091 GC heap after
Heap after GC invocations=13 (full 2):
 PSYoungGen      total 29184K, used 7163K [0x00000000eb380000, 0x00000000edf80000, 0x0000000100000000)
  eden space 22016K, 0% used [0x00000000eb380000,0x00000000eb380000,0x00000000ec900000)
  from space 7168K, 99% used [0x00000000ec900000,0x00000000ecffec30,0x00000000ed000000)
  to   space 10240K, 0% used [0x00000000ed580000,0x00000000ed580000,0x00000000edf80000)
 ParOldGen       total 17408K, used 16232K [0x00000000c1a00000, 0x00000000c2b00000, 0x00000000eb380000)
  object space 17408K, 93% used [0x00000000c1a00000,0x00000000c29da058,0x00000000c2b00000)
 Metaspace       used 7767K, capacity 8500K, committed 8704K, reserved 1056768K
  class space    used 908K, capacity 944K, committed 1024K, reserved 1048576K
}
Event: 2.091 GC heap before
{Heap before GC invocations=14 (full 3):
 PSYoungGen      total 29184K, used 7163K [0x00000000eb380000, 0x00000000edf80000, 0x0000000100000000)
  eden space 22016K, 0% used [0x00000000eb380000,0x00000000eb380000,0x00000000ec900000)
  from space 7168K, 99% used [0x00000000ec900000,0x00000000ecffec30,0x00000000ed000000)
  to   space 10240K, 0% used [0x00000000ed580000,0x00000000ed580000,0x00000000edf80000)
 ParOldGen       total 17408K, used 16232K [0x00000000c1a00000, 0x00000000c2b00000, 0x00000000eb380000)
  object space 17408K, 93% used [0x00000000c1a00000,0x00000000c29da058,0x00000000c2b00000)
 Metaspace       used 7767K, capacity 8500K, committed 8704K, reserved 1056768K
  class space    used 908K, capacity 944K, committed 1024K, reserved 1048576K
Event: 2.202 GC heap after
Heap after GC invocations=14 (full 3):
 PSYoungGen      total 29184K, used 6056K [0x00000000eb380000, 0x00000000edf80000, 0x0000000100000000)
  eden space 22016K, 0% used [0x00000000eb380000,0x00000000eb380000,0x00000000ec900000)
  from space 7168K, 84% used [0x00000000ec900000,0x00000000eceea278,0x00000000ed000000)
  to   space 10240K, 0% used [0x00000000ed580000,0x00000000ed580000,0x00000000edf80000)
 ParOldGen       total 28672K, used 17027K [0x00000000c1a00000, 0x00000000c3600000, 0x00000000eb380000)
  object space 28672K, 59% used [0x00000000c1a00000,0x00000000c2aa0c70,0x00000000c3600000)
 Metaspace       used 7767K, capacity 8500K, committed 8704K, reserved 1056768K
  class space    used 908K, capacity 944K, committed 1024K, reserved 1048576K
}
Event: 2.499 GC heap before
{Heap before GC invocations=15 (full 3):
 PSYoungGen      total 29184K, used 28072K [0x00000000eb380000, 0x00000000edf80000, 0x0000000100000000)
  eden space 22016K, 100% used [0x00000000eb380000,0x00000000ec900000,0x00000000ec900000)
  from space 7168K, 84% used [0x00000000ec900000,0x00000000eceea278,0x00000000ed000000)
  to   space 10240K, 0% used [0x00000000ed580000,0x00000000ed580000,0x00000000edf80000)
 ParOldGen       total 28672K, used 17027K [0x00000000c1a00000, 0x00000000c3600000, 0x00000000eb380000)
  object space 28672K, 59% used [0x00000000c1a00000,0x00000000c2aa0c70,0x00000000c3600000)
 Metaspace       used 8057K, capacity 8820K, committed 8960K, reserved 1056768K
  class space    used 915K, capacity 944K, committed 1024K, reserved 1048576K
Event: 2.530 GC heap after
Heap after GC invocations=15 (full 3):
 PSYoungGen      total 31744K, used 10231K [0x00000000eb380000, 0x00000000ee680000, 0x0000000100000000)
  eden space 21504K, 0% used [0x00000000eb380000,0x00000000eb380000,0x00000000ec880000)
  from space 10240K, 99% used [0x00000000ed580000,0x00000000edf7df60,0x00000000edf80000)
  to   space 13312K, 0% used [0x00000000ec880000,0x00000000ec880000,0x00000000ed580000)
 ParOldGen       total 28672K, used 19469K [0x00000000c1a00000, 0x00000000c3600000, 0x00000000eb380000)
  object space 28672K, 67% used [0x00000000c1a00000,0x00000000c2d03670,0x00000000c3600000)
 Metaspace       used 8057K, capacity 8820K, committed 8960K, reserved 1056768K
  class space    used 915K, capacity 944K, committed 1024K, reserved 1048576K
}
Event: 3.564 GC heap before
{Heap before GC invocations=16 (full 3):
 PSYoungGen      total 31744K, used 31735K [0x00000000eb380000, 0x00000000ee680000, 0x0000000100000000)
  eden space 21504K, 100% used [0x00000000eb380000,0x00000000ec880000,0x00000000ec880000)
  from space 10240K, 99% used [0x00000000ed580000,0x00000000edf7df60,0x00000000edf80000)
  to   space 13312K, 0% used [0x00000000ec880000,0x00000000ec880000,0x00000000ed580000)
 ParOldGen       total 28672K, used 19469K [0x00000000c1a00000, 0x00000000c3600000, 0x00000000eb380000)
  object space 28672K, 67% used [0x00000000c1a00000,0x00000000c2d03670,0x00000000c3600000)
 Metaspace       used 9129K, capacity 9748K, committed 10112K, reserved 1058816K
  class space    used 1005K, capacity 1040K, committed 1152K, reserved 1048576K
Event: 3.581 GC heap after
Heap after GC invocations=16 (full 3):
 PSYoungGen      total 34816K, used 2724K [0x00000000eb380000, 0x00000000ee480000, 0x0000000100000000)
  eden space 21504K, 0% used [0x00000000eb380000,0x00000000eb380000,0x00000000ec880000)
  from space 13312K, 20% used [0x00000000ec880000,0x00000000ecb29388,0x00000000ed580000)
  to   space 12800K, 0% used [0x00000000ed800000,0x00000000ed800000,0x00000000ee480000)
 ParOldGen       total 30208K, used 29516K [0x00000000c1a00000, 0x00000000c3780000, 0x00000000eb380000)
  object space 30208K, 97% used [0x00000000c1a00000,0x00000000c36d33c8,0x00000000c3780000)
 Metaspace       used 9129K, capacity 9748K, committed 10112K, reserved 1058816K
  class space    used 1005K, capacity 1040K, committed 1152K, reserved 1048576K
}
Event: 3.581 GC heap before
{Heap before GC invocations=17 (full 4):
 PSYoungGen      total 34816K, used 2724K [0x00000000eb380000, 0x00000000ee480000, 0x0000000100000000)
  eden space 21504K, 0% used [0x00000000eb380000,0x00000000eb380000,0x00000000ec880000)
  from space 13312K, 20% used [0x00000000ec880000,0x00000000ecb29388,0x00000000ed580000)
  to   space 12800K, 0% used [0x00000000ed800000,0x00000000ed800000,0x00000000ee480000)
 ParOldGen       total 30208K, used 29516K [0x00000000c1a00000, 0x00000000c3780000, 0x00000000eb380000)
  object space 30208K, 97% used [0x00000000c1a00000,0x00000000c36d33c8,0x00000000c3780000)
 Metaspace       used 9129K, capacity 9748K, committed 10112K, reserved 1058816K
  class space    used 1005K, capacity 1040K, committed 1152K, reserved 1048576K
Event: 3.716 GC heap after
Heap after GC invocations=17 (full 4):
 PSYoungGen      total 34816K, used 0K [0x00000000eb380000, 0x00000000ee480000, 0x0000000100000000)
  eden space 21504K, 0% used [0x00000000eb380000,0x00000000eb380000,0x00000000ec880000)
  from space 13312K, 0% used [0x00000000ec880000,0x00000000ec880000,0x00000000ed580000)
  to   space 12800K, 0% used [0x00000000ed800000,0x00000000ed800000,0x00000000ee480000)
 ParOldGen       total 30208K, used 29868K [0x00000000c1a00000, 0x00000000c3780000, 0x00000000eb380000)
  object space 30208K, 98% used [0x00000000c1a00000,0x00000000c372b320,0x00000000c3780000)
 Metaspace       used 9129K, capacity 9748K, committed 10112K, reserved 1058816K
  class space    used 1005K, capacity 1040K, committed 1152K, reserved 1048576K
}

