# JRE version: Java(TM) SE Runtime Environment (8.0_152-b16) (build 1.8.0_152-b16)
# Java VM: Java HotSpot(TM) 64-Bit Server VM (25.152-b16 mixed mode windows-amd64 compressed oops)
Heap:
 PSYoungGen      total 271872K, used 55804K [0x00000000eb380000, 0x0000000100000000, 0x0000000100000000)
  eden space 203264K, 13% used [0x00000000eb380000,0x00000000ecec5640,0x00000000f7a00000)
  from space 68608K, 40% used [0x00000000f7a00000,0x00000000f9539be8,0x00000000fbd00000)
  to   space 67072K, 0% used [0x00000000fbe80000,0x00000000fbe80000,0x0000000100000000)
 ParOldGen       total 294912K, used 185757K [0x00000000c1a00000, 0x00000000d3a00000, 0x00000000eb380000)
  object space 294912K, 62% used [0x00000000c1a00000,0x00000000ccf67468,0x00000000d3a00000)
 Metaspace       used 6712K, capacity 7256K, committed 7424K, reserved 1056768K
  class space    used 638K, capacity 656K, committed 768K, reserved 1048576K
GC Heap History (10 events):
Event: 5.615 GC heap before
{Heap before GC invocations=12 (full 2):
 PSYoungGen      total 248320K, used 26598K [0x00000000eb380000, 0x0000000100000000, 0x0000000100000000)
  eden space 221696K, 0% used [0x00000000eb380000,0x00000000eb380000,0x00000000f8c00000)
  from space 26624K, 99% used [0x00000000fc280000,0x00000000fdc79880,0x00000000fdc80000)
  to   space 55808K, 0% used [0x00000000f8c00000,0x00000000f8c00000,0x00000000fc280000)
 ParOldGen       total 98816K, used 98628K [0x00000000c1a00000, 0x00000000c7a80000, 0x00000000eb380000)
  object space 98816K, 99% used [0x00000000c1a00000,0x00000000c7a51258,0x00000000c7a80000)
 Metaspace       used 6697K, capacity 7256K, committed 7424K, reserved 1056768K
  class space    used 638K, capacity 656K, committed 768K, reserved 1048576K
Event: 6.497 GC heap after
Heap after GC invocations=12 (full 2):
 PSYoungGen      total 248320K, used 22439K [0x00000000eb380000, 0x0000000100000000, 0x0000000100000000)
  eden space 221696K, 0% used [0x00000000eb380000,0x00000000eb380000,0x00000000f8c00000)
  from space 26624K, 84% used [0x00000000fc280000,0x00000000fd869c78,0x00000000fdc80000)
  to   space 55808K, 0% used [0x00000000f8c00000,0x00000000f8c00000,0x00000000fc280000)
 ParOldGen       total 172032K, used 98374K [0x00000000c1a00000, 0x00000000cc200000, 0x00000000eb380000)
  object space 172032K, 57% used [0x00000000c1a00000,0x00000000c7a11a38,0x00000000cc200000)
 Metaspace       used 6697K, capacity 7256K, committed 7424K, reserved 1056768K
  class space    used 638K, capacity 656K, committed 768K, reserved 1048576K
}
Event: 7.314 GC heap before
{Heap before GC invocations=13 (full 2):
 PSYoungGen      total 248320K, used 244135K [0x00000000eb380000, 0x0000000100000000, 0x0000000100000000)
  eden space 221696K, 100% used [0x00000000eb380000,0x00000000f8c00000,0x00000000f8c00000)
  from space 26624K, 84% used [0x00000000fc280000,0x00000000fd869c78,0x00000000fdc80000)
  to   space 55808K, 0% used [0x00000000f8c00000,0x00000000f8c00000,0x00000000fc280000)
 ParOldGen       total 172032K, used 98374K [0x00000000c1a00000, 0x00000000cc200000, 0x00000000eb380000)
  object space 172032K, 57% used [0x00000000c1a00000,0x00000000c7a11a38,0x00000000cc200000)
 Metaspace       used 6705K, capacity 7256K, committed 7424K, reserved 1056768K
  class space    used 638K, capacity 656K, committed 768K, reserved 1048576K
Event: 7.459 GC heap after
Heap after GC invocations=13 (full 2):
 PSYoungGen      total 277504K, used 32228K [0x00000000eb380000, 0x0000000100000000, 0x0000000100000000)
  eden space 221696K, 0% used [0x00000000eb380000,0x00000000eb380000,0x00000000f8c00000)
  from space 55808K, 57% used [0x00000000f8c00000,0x00000000fab79108,0x00000000fc280000)
  to   space 56832K, 0% used [0x00000000fc880000,0x00000000fc880000,0x0000000100000000)
 ParOldGen       total 172032K, used 121019K [0x00000000c1a00000, 0x00000000cc200000, 0x00000000eb380000)
  object space 172032K, 70% used [0x00000000c1a00000,0x00000000c902ee20,0x00000000cc200000)
 Metaspace       used 6705K, capacity 7256K, committed 7424K, reserved 1056768K
  class space    used 638K, capacity 656K, committed 768K, reserved 1048576K
}
Event: 8.217 GC heap before
{Heap before GC invocations=14 (full 2):
 PSYoungGen      total 277504K, used 253924K [0x00000000eb380000, 0x0000000100000000, 0x0000000100000000)
  eden space 221696K, 100% used [0x00000000eb380000,0x00000000f8c00000,0x00000000f8c00000)
  from space 55808K, 57% used [0x00000000f8c00000,0x00000000fab79108,0x00000000fc280000)
  to   space 56832K, 0% used [0x00000000fc880000,0x00000000fc880000,0x0000000100000000)
 ParOldGen       total 172032K, used 121019K [0x00000000c1a00000, 0x00000000cc200000, 0x00000000eb380000)
  object space 172032K, 70% used [0x00000000c1a00000,0x00000000c902ee20,0x00000000cc200000)
 Metaspace       used 6708K, capacity 7256K, committed 7424K, reserved 1056768K
  class space    used 638K, capacity 656K, committed 768K, reserved 1048576K
Event: 8.324 GC heap after
Heap after GC invocations=14 (full 2):
 PSYoungGen      total 260096K, used 56814K [0x00000000eb380000, 0x0000000100000000, 0x0000000100000000)
  eden space 203264K, 0% used [0x00000000eb380000,0x00000000eb380000,0x00000000f7a00000)
  from space 56832K, 99% used [0x00000000fc880000,0x00000000ffffbb28,0x0000000100000000)
  to   space 68608K, 0% used [0x00000000f7a00000,0x00000000f7a00000,0x00000000fbd00000)
 ParOldGen       total 172032K, used 128284K [0x00000000c1a00000, 0x00000000cc200000, 0x00000000eb380000)
  object space 172032K, 74% used [0x00000000c1a00000,0x00000000c97470e0,0x00000000cc200000)
 Metaspace       used 6708K, capacity 7256K, committed 7424K, reserved 1056768K
  class space    used 638K, capacity 656K, committed 768K, reserved 1048576K
}
Event: 9.139 GC heap before
{Heap before GC invocations=15 (full 2):
 PSYoungGen      total 260096K, used 260078K [0x00000000eb380000, 0x0000000100000000, 0x0000000100000000)
  eden space 203264K, 100% used [0x00000000eb380000,0x00000000f7a00000,0x00000000f7a00000)
  from space 56832K, 99% used [0x00000000fc880000,0x00000000ffffbb28,0x0000000100000000)
  to   space 68608K, 0% used [0x00000000f7a00000,0x00000000f7a00000,0x00000000fbd00000)
 ParOldGen       total 172032K, used 128284K [0x00000000c1a00000, 0x00000000cc200000, 0x00000000eb380000)
  object space 172032K, 74% used [0x00000000c1a00000,0x00000000c97470e0,0x00000000cc200000)
 Metaspace       used 6712K, capacity 7256K, committed 7424K, reserved 1056768K
  class space    used 638K, capacity 656K, committed 768K, reserved 1048576K
Event: 9.351 GC heap after
Heap after GC invocations=15 (full 2):
 PSYoungGen      total 271872K, used 32781K [0x00000000eb380000, 0x0000000100000000, 0x0000000100000000)
  eden space 203264K, 0% used [0x00000000eb380000,0x00000000eb380000,0x00000000f7a00000)
  from space 68608K, 47% used [0x00000000f7a00000,0x00000000f9a034c8,0x00000000fbd00000)
  to   space 67072K, 0% used [0x00000000fbe80000,0x00000000fbe80000,0x0000000100000000)
 ParOldGen       total 185856K, used 185213K [0x00000000c1a00000, 0x00000000ccf80000, 0x00000000eb380000)
  object space 185856K, 99% used [0x00000000c1a00000,0x00000000ccedf7b0,0x00000000ccf80000)
 Metaspace       used 6712K, capacity 7256K, committed 7424K, reserved 1056768K
  class space    used 638K, capacity 656K, committed 768K, reserved 1048576K
}
Event: 9.351 GC heap before
{Heap before GC invocations=16 (full 3):
 PSYoungGen      total 271872K, used 32781K [0x00000000eb380000, 0x0000000100000000, 0x0000000100000000)
  eden space 203264K, 0% used [0x00000000eb380000,0x00000000eb380000,0x00000000f7a00000)
  from space 68608K, 47% used [0x00000000f7a00000,0x00000000f9a034c8,0x00000000fbd00000)
  to   space 67072K, 0% used [0x00000000fbe80000,0x00000000fbe80000,0x0000000100000000)
 ParOldGen       total 185856K, used 185213K [0x00000000c1a00000, 0x00000000ccf80000, 0x00000000eb380000)
  object space 185856K, 99% used [0x00000000c1a00000,0x00000000ccedf7b0,0x00000000ccf80000)
 Metaspace       used 6712K, capacity 7256K, committed 7424K, reserved 1056768K
  class space    used 638K, capacity 656K, committed 768K, reserved 1048576K
Event: 10.765 GC heap after
Heap after GC invocations=16 (full 3):
 PSYoungGen      total 271872K, used 27878K [0x00000000eb380000, 0x0000000100000000, 0x0000000100000000)
  eden space 203264K, 0% used [0x00000000eb380000,0x00000000eb380000,0x00000000f7a00000)
  from space 68608K, 40% used [0x00000000f7a00000,0x00000000f9539be8,0x00000000fbd00000)
  to   space 67072K, 0% used [0x00000000fbe80000,0x00000000fbe80000,0x0000000100000000)
 ParOldGen       total 294912K, used 185757K [0x00000000c1a00000, 0x00000000d3a00000, 0x00000000eb380000)
  object space 294912K, 62% used [0x00000000c1a00000,0x00000000ccf67468,0x00000000d3a00000)
 Metaspace       used 6712K, capacity 7256K, committed 7424K, reserved 1056768K
  class space    used 638K, capacity 656K, committed 768K, reserved 1048576K
}

