# JRE version: Java(TM) SE Runtime Environment (8.0_152-b16) (build 1.8.0_152-b16)
# Java VM: Java HotSpot(TM) 64-Bit Server VM (25.152-b16 mixed mode windows-amd64 compressed oops)
Heap:
 PSYoungGen      total 235520K, used 51202K [0x00000000eb380000, 0x00000000fee00000, 0x0000000100000000)
  eden space 182272K, 28% used [0x00000000eb380000,0x00000000ee580950,0x00000000f6580000)
  from space 53248K, 0% used [0x00000000f6580000,0x00000000f6580000,0x00000000f9980000)
  to   space 52224K, 0% used [0x00000000fbb00000,0x00000000fbb00000,0x00000000fee00000)
 ParOldGen       total 237568K, used 144315K [0x00000000c1a00000, 0x00000000d0200000, 0x00000000eb380000)
  object space 237568K, 60% used [0x00000000c1a00000,0x00000000ca6eeea0,0x00000000d0200000)
 Metaspace       used 6706K, capacity 7256K, committed 7424K, reserved 1056768K
  class space    used 638K, capacity 656K, committed 768K, reserved 1048576K
GC Heap History (10 events):
Event: 5.637 GC heap before
{Heap before GC invocations=12 (full 1):
 PSYoungGen      total 180736K, used 180609K [0x00000000eb380000, 0x00000000fab00000, 0x0000000100000000)
  eden space 156160K, 100% used [0x00000000eb380000,0x00000000f4c00000,0x00000000f4c00000)
  from space 24576K, 99% used [0x00000000f9300000,0x00000000faae06f0,0x00000000fab00000)
  to   space 29696K, 0% used [0x00000000f7100000,0x00000000f7100000,0x00000000f8e00000)
 ParOldGen       total 81920K, used 50351K [0x00000000c1a00000, 0x00000000c6a00000, 0x00000000eb380000)
  object space 81920K, 61% used [0x00000000c1a00000,0x00000000c4b2bfb0,0x00000000c6a00000)
 Metaspace       used 6692K, capacity 7256K, committed 7424K, reserved 1056768K
  class space    used 638K, capacity 656K, committed 768K, reserved 1048576K
Event: 5.738 GC heap after
Heap after GC invocations=12 (full 1):
 PSYoungGen      total 223744K, used 29684K [0x00000000eb380000, 0x00000000fc100000, 0x0000000100000000)
  eden space 194048K, 0% used [0x00000000eb380000,0x00000000eb380000,0x00000000f7100000)
  from space 29696K, 99% used [0x00000000f7100000,0x00000000f8dfd108,0x00000000f8e00000)
  to   space 40448K, 0% used [0x00000000f9980000,0x00000000f9980000,0x00000000fc100000)
 ParOldGen       total 81920K, used 66658K [0x00000000c1a00000, 0x00000000c6a00000, 0x00000000eb380000)
  object space 81920K, 81% used [0x00000000c1a00000,0x00000000c5b18908,0x00000000c6a00000)
 Metaspace       used 6692K, capacity 7256K, committed 7424K, reserved 1056768K
  class space    used 638K, capacity 656K, committed 768K, reserved 1048576K
}
Event: 6.605 GC heap before
{Heap before GC invocations=13 (full 1):
 PSYoungGen      total 223744K, used 223732K [0x00000000eb380000, 0x00000000fc100000, 0x0000000100000000)
  eden space 194048K, 100% used [0x00000000eb380000,0x00000000f7100000,0x00000000f7100000)
  from space 29696K, 99% used [0x00000000f7100000,0x00000000f8dfd108,0x00000000f8e00000)
  to   space 40448K, 0% used [0x00000000f9980000,0x00000000f9980000,0x00000000fc100000)
 ParOldGen       total 81920K, used 66658K [0x00000000c1a00000, 0x00000000c6a00000, 0x00000000eb380000)
  object space 81920K, 81% used [0x00000000c1a00000,0x00000000c5b18908,0x00000000c6a00000)
 Metaspace       used 6699K, capacity 7256K, committed 7424K, reserved 1056768K
  class space    used 638K, capacity 656K, committed 768K, reserved 1048576K
Event: 6.755 GC heap after
Heap after GC invocations=13 (full 1):
 PSYoungGen      total 222720K, used 40446K [0x00000000eb380000, 0x0000000100000000, 0x0000000100000000)
  eden space 182272K, 0% used [0x00000000eb380000,0x00000000eb380000,0x00000000f6580000)
  from space 40448K, 99% used [0x00000000f9980000,0x00000000fc0ff9a8,0x00000000fc100000)
  to   space 53248K, 0% used [0x00000000f6580000,0x00000000f6580000,0x00000000f9980000)
 ParOldGen       total 83456K, used 83284K [0x00000000c1a00000, 0x00000000c6b80000, 0x00000000eb380000)
  object space 83456K, 99% used [0x00000000c1a00000,0x00000000c6b55298,0x00000000c6b80000)
 Metaspace       used 6699K, capacity 7256K, committed 7424K, reserved 1056768K
  class space    used 638K, capacity 656K, committed 768K, reserved 1048576K
}
Event: 6.755 GC heap before
{Heap before GC invocations=14 (full 2):
 PSYoungGen      total 222720K, used 40446K [0x00000000eb380000, 0x0000000100000000, 0x0000000100000000)
  eden space 182272K, 0% used [0x00000000eb380000,0x00000000eb380000,0x00000000f6580000)
  from space 40448K, 99% used [0x00000000f9980000,0x00000000fc0ff9a8,0x00000000fc100000)
  to   space 53248K, 0% used [0x00000000f6580000,0x00000000f6580000,0x00000000f9980000)
 ParOldGen       total 83456K, used 83284K [0x00000000c1a00000, 0x00000000c6b80000, 0x00000000eb380000)
  object space 83456K, 99% used [0x00000000c1a00000,0x00000000c6b55298,0x00000000c6b80000)
 Metaspace       used 6699K, capacity 7256K, committed 7424K, reserved 1056768K
  class space    used 638K, capacity 656K, committed 768K, reserved 1048576K
Event: 7.824 GC heap after
Heap after GC invocations=14 (full 2):
 PSYoungGen      total 222720K, used 36635K [0x00000000eb380000, 0x0000000100000000, 0x0000000100000000)
  eden space 182272K, 0% used [0x00000000eb380000,0x00000000eb380000,0x00000000f6580000)
  from space 40448K, 90% used [0x00000000f9980000,0x00000000fbd46ed0,0x00000000fc100000)
  to   space 53248K, 0% used [0x00000000f6580000,0x00000000f6580000,0x00000000f9980000)
 ParOldGen       total 145920K, used 83296K [0x00000000c1a00000, 0x00000000ca880000, 0x00000000eb380000)
  object space 145920K, 57% used [0x00000000c1a00000,0x00000000c6b58190,0x00000000ca880000)
 Metaspace       used 6699K, capacity 7256K, committed 7424K, reserved 1056768K
  class space    used 638K, capacity 656K, committed 768K, reserved 1048576K
}
Event: 8.919 GC heap before
{Heap before GC invocations=15 (full 2):
 PSYoungGen      total 222720K, used 218907K [0x00000000eb380000, 0x0000000100000000, 0x0000000100000000)
  eden space 182272K, 100% used [0x00000000eb380000,0x00000000f6580000,0x00000000f6580000)
  from space 40448K, 90% used [0x00000000f9980000,0x00000000fbd46ed0,0x00000000fc100000)
  to   space 53248K, 0% used [0x00000000f6580000,0x00000000f6580000,0x00000000f9980000)
 ParOldGen       total 145920K, used 83296K [0x00000000c1a00000, 0x00000000ca880000, 0x00000000eb380000)
  object space 145920K, 57% used [0x00000000c1a00000,0x00000000c6b58190,0x00000000ca880000)
 Metaspace       used 6703K, capacity 7256K, committed 7424K, reserved 1056768K
  class space    used 638K, capacity 656K, committed 768K, reserved 1048576K
Event: 9.095 GC heap after
Heap after GC invocations=15 (full 2):
 PSYoungGen      total 235520K, used 26053K [0x00000000eb380000, 0x00000000fee00000, 0x0000000100000000)
  eden space 182272K, 0% used [0x00000000eb380000,0x00000000eb380000,0x00000000f6580000)
  from space 53248K, 48% used [0x00000000f6580000,0x00000000f7ef1460,0x00000000f9980000)
  to   space 52224K, 0% used [0x00000000fbb00000,0x00000000fbb00000,0x00000000fee00000)
 ParOldGen       total 145920K, used 119512K [0x00000000c1a00000, 0x00000000ca880000, 0x00000000eb380000)
  object space 145920K, 81% used [0x00000000c1a00000,0x00000000c8eb61a8,0x00000000ca880000)
 Metaspace       used 6703K, capacity 7256K, committed 7424K, reserved 1056768K
  class space    used 638K, capacity 656K, committed 768K, reserved 1048576K
}
Event: 9.095 GC heap before
{Heap before GC invocations=16 (full 3):
 PSYoungGen      total 235520K, used 26053K [0x00000000eb380000, 0x00000000fee00000, 0x0000000100000000)
  eden space 182272K, 0% used [0x00000000eb380000,0x00000000eb380000,0x00000000f6580000)
  from space 53248K, 48% used [0x00000000f6580000,0x00000000f7ef1460,0x00000000f9980000)
  to   space 52224K, 0% used [0x00000000fbb00000,0x00000000fbb00000,0x00000000fee00000)
 ParOldGen       total 145920K, used 119512K [0x00000000c1a00000, 0x00000000ca880000, 0x00000000eb380000)
  object space 145920K, 81% used [0x00000000c1a00000,0x00000000c8eb61a8,0x00000000ca880000)
 Metaspace       used 6703K, capacity 7256K, committed 7424K, reserved 1056768K
  class space    used 638K, capacity 656K, committed 768K, reserved 1048576K
Event: 10.326 GC heap after
Heap after GC invocations=16 (full 3):
 PSYoungGen      total 235520K, used 0K [0x00000000eb380000, 0x00000000fee00000, 0x0000000100000000)
  eden space 182272K, 0% used [0x00000000eb380000,0x00000000eb380000,0x00000000f6580000)
  from space 53248K, 0% used [0x00000000f6580000,0x00000000f6580000,0x00000000f9980000)
  to   space 52224K, 0% used [0x00000000fbb00000,0x00000000fbb00000,0x00000000fee00000)
 ParOldGen       total 237568K, used 144315K [0x00000000c1a00000, 0x00000000d0200000, 0x00000000eb380000)
  object space 237568K, 60% used [0x00000000c1a00000,0x00000000ca6eeea0,0x00000000d0200000)
 Metaspace       used 6703K, capacity 7256K, committed 7424K, reserved 1056768K
  class space    used 638K, capacity 656K, committed 768K, reserved 1048576K
}

