# JRE version: Java(TM) SE Runtime Environment (8.0_152-b16) (build 1.8.0_152-b16)
# Java VM: Java HotSpot(TM) 64-Bit Server VM (25.152-b16 mixed mode windows-amd64 compressed oops)
Heap:
 PSYoungGen      total 21504K, used 7217K [0x00000000eb380000, 0x00000000ed280000, 0x0000000100000000)
  eden space 17920K, 21% used [0x00000000eb380000,0x00000000eb751da8,0x00000000ec500000)
  from space 3584K, 92% used [0x00000000ecf00000,0x00000000ed23a890,0x00000000ed280000)
  to   space 4096K, 0% used [0x00000000eca80000,0x00000000eca80000,0x00000000ece80000)
 ParOldGen       total 9728K, used 4847K [0x00000000c1a00000, 0x00000000c2380000, 0x00000000eb380000)
  object space 9728K, 49% used [0x00000000c1a00000,0x00000000c1ebbe00,0x00000000c2380000)
 Metaspace       used 7351K, capacity 8244K, committed 8448K, reserved 1056768K
  class space    used 887K, capacity 944K, committed 1024K, reserved 1048576K
GC Heap History (10 events):
Event: 0.627 GC heap before
{Heap before GC invocations=5 (full 0):
 PSYoungGen      total 6656K, used 6624K [0x00000000eb380000, 0x00000000eba80000, 0x0000000100000000)
  eden space 6144K, 100% used [0x00000000eb380000,0x00000000eb980000,0x00000000eb980000)
  from space 512K, 93% used [0x00000000eba00000,0x00000000eba78030,0x00000000eba80000)
  to   space 512K, 0% used [0x00000000eb980000,0x00000000eb980000,0x00000000eba00000)
 ParOldGen       total 5632K, used 804K [0x00000000c1a00000, 0x00000000c1f80000, 0x00000000eb380000)
  object space 5632K, 14% used [0x00000000c1a00000,0x00000000c1ac9050,0x00000000c1f80000)
 Metaspace       used 7299K, capacity 8148K, committed 8448K, reserved 1056768K
  class space    used 880K, capacity 912K, committed 1024K, reserved 1048576K
Event: 0.633 GC heap after
Heap after GC invocations=5 (full 0):
 PSYoungGen      total 6656K, used 480K [0x00000000eb380000, 0x00000000ec480000, 0x0000000100000000)
  eden space 6144K, 0% used [0x00000000eb380000,0x00000000eb380000,0x00000000eb980000)
  from space 512K, 93% used [0x00000000eb980000,0x00000000eb9f8030,0x00000000eba00000)
  to   space 2560K, 0% used [0x00000000ec200000,0x00000000ec200000,0x00000000ec480000)
 ParOldGen       total 5632K, used 3157K [0x00000000c1a00000, 0x00000000c1f80000, 0x00000000eb380000)
  object space 5632K, 56% used [0x00000000c1a00000,0x00000000c1d15608,0x00000000c1f80000)
 Metaspace       used 7299K, capacity 8148K, committed 8448K, reserved 1056768K
  class space    used 880K, capacity 912K, committed 1024K, reserved 1048576K
}
Event: 0.669 GC heap before
{Heap before GC invocations=6 (full 0):
 PSYoungGen      total 6656K, used 5650K [0x00000000eb380000, 0x00000000ec480000, 0x0000000100000000)
  eden space 6144K, 84% used [0x00000000eb380000,0x00000000eb88ca70,0x00000000eb980000)
  from space 512K, 93% used [0x00000000eb980000,0x00000000eb9f8030,0x00000000eba00000)
  to   space 2560K, 0% used [0x00000000ec200000,0x00000000ec200000,0x00000000ec480000)
 ParOldGen       total 5632K, used 3157K [0x00000000c1a00000, 0x00000000c1f80000, 0x00000000eb380000)
  object space 5632K, 56% used [0x00000000c1a00000,0x00000000c1d15608,0x00000000c1f80000)
 Metaspace       used 7346K, capacity 8244K, committed 8448K, reserved 1056768K
  class space    used 887K, capacity 944K, committed 1024K, reserved 1048576K
Event: 0.671 GC heap after
Heap after GC invocations=6 (full 0):
 PSYoungGen      total 14848K, used 1222K [0x00000000eb380000, 0x00000000ec480000, 0x0000000100000000)
  eden space 12288K, 0% used [0x00000000eb380000,0x00000000eb380000,0x00000000ebf80000)
  from space 2560K, 47% used [0x00000000ec200000,0x00000000ec3319b8,0x00000000ec480000)
  to   space 2560K, 0% used [0x00000000ebf80000,0x00000000ebf80000,0x00000000ec200000)
 ParOldGen       total 5632K, used 3157K [0x00000000c1a00000, 0x00000000c1f80000, 0x00000000eb380000)
  object space 5632K, 56% used [0x00000000c1a00000,0x00000000c1d15608,0x00000000c1f80000)
 Metaspace       used 7346K, capacity 8244K, committed 8448K, reserved 1056768K
  class space    used 887K, capacity 944K, committed 1024K, reserved 1048576K
}
Event: 0.751 GC heap before
{Heap before GC invocations=7 (full 0):
 PSYoungGen      total 14848K, used 13510K [0x00000000eb380000, 0x00000000ec480000, 0x0000000100000000)
  eden space 12288K, 100% used [0x00000000eb380000,0x00000000ebf80000,0x00000000ebf80000)
  from space 2560K, 47% used [0x00000000ec200000,0x00000000ec3319b8,0x00000000ec480000)
  to   space 2560K, 0% used [0x00000000ebf80000,0x00000000ebf80000,0x00000000ec200000)
 ParOldGen       total 5632K, used 3157K [0x00000000c1a00000, 0x00000000c1f80000, 0x00000000eb380000)
  object space 5632K, 56% used [0x00000000c1a00000,0x00000000c1d15608,0x00000000c1f80000)
 Metaspace       used 7346K, capacity 8244K, committed 8448K, reserved 1056768K
  class space    used 887K, capacity 944K, committed 1024K, reserved 1048576K
Event: 0.756 GC heap after
Heap after GC invocations=7 (full 0):
 PSYoungGen      total 14848K, used 2531K [0x00000000eb380000, 0x00000000ed280000, 0x0000000100000000)
  eden space 12288K, 0% used [0x00000000eb380000,0x00000000eb380000,0x00000000ebf80000)
  from space 2560K, 98% used [0x00000000ebf80000,0x00000000ec1f8de8,0x00000000ec200000)
  to   space 3584K, 0% used [0x00000000ecf00000,0x00000000ecf00000,0x00000000ed280000)
 ParOldGen       total 5632K, used 4702K [0x00000000c1a00000, 0x00000000c1f80000, 0x00000000eb380000)
  object space 5632K, 83% used [0x00000000c1a00000,0x00000000c1e97800,0x00000000c1f80000)
 Metaspace       used 7346K, capacity 8244K, committed 8448K, reserved 1056768K
  class space    used 887K, capacity 944K, committed 1024K, reserved 1048576K
}
Event: 0.756 GC heap before
{Heap before GC invocations=8 (full 1):
 PSYoungGen      total 14848K, used 2531K [0x00000000eb380000, 0x00000000ed280000, 0x0000000100000000)
  eden space 12288K, 0% used [0x00000000eb380000,0x00000000eb380000,0x00000000ebf80000)
  from space 2560K, 98% used [0x00000000ebf80000,0x00000000ec1f8de8,0x00000000ec200000)
  to   space 3584K, 0% used [0x00000000ecf00000,0x00000000ecf00000,0x00000000ed280000)
 ParOldGen       total 5632K, used 4702K [0x00000000c1a00000, 0x00000000c1f80000, 0x00000000eb380000)
  object space 5632K, 83% used [0x00000000c1a00000,0x00000000c1e97800,0x00000000c1f80000)
 Metaspace       used 7346K, capacity 8244K, committed 8448K, reserved 1056768K
  class space    used 887K, capacity 944K, committed 1024K, reserved 1048576K
Event: 0.792 GC heap after
Heap after GC invocations=8 (full 1):
 PSYoungGen      total 14848K, used 1876K [0x00000000eb380000, 0x00000000ed280000, 0x0000000100000000)
  eden space 12288K, 0% used [0x00000000eb380000,0x00000000eb380000,0x00000000ebf80000)
  from space 2560K, 73% used [0x00000000ebf80000,0x00000000ec155020,0x00000000ec200000)
  to   space 3584K, 0% used [0x00000000ecf00000,0x00000000ecf00000,0x00000000ed280000)
 ParOldGen       total 9728K, used 4663K [0x00000000c1a00000, 0x00000000c2380000, 0x00000000eb380000)
  object space 9728K, 47% used [0x00000000c1a00000,0x00000000c1e8ddf0,0x00000000c2380000)
 Metaspace       used 7346K, capacity 8244K, committed 8448K, reserved 1056768K
  class space    used 887K, capacity 944K, committed 1024K, reserved 1048576K
}
Event: 0.841 GC heap before
{Heap before GC invocations=9 (full 1):
 PSYoungGen      total 14848K, used 13368K [0x00000000eb380000, 0x00000000ed280000, 0x0000000100000000)
  eden space 12288K, 93% used [0x00000000eb380000,0x00000000ebeb92a0,0x00000000ebf80000)
  from space 2560K, 73% used [0x00000000ebf80000,0x00000000ec155020,0x00000000ec200000)
  to   space 3584K, 0% used [0x00000000ecf00000,0x00000000ecf00000,0x00000000ed280000)
 ParOldGen       total 9728K, used 4663K [0x00000000c1a00000, 0x00000000c2380000, 0x00000000eb380000)
  object space 9728K, 47% used [0x00000000c1a00000,0x00000000c1e8ddf0,0x00000000c2380000)
 Metaspace       used 7351K, capacity 8244K, committed 8448K, reserved 1056768K
  class space    used 887K, capacity 944K, committed 1024K, reserved 1048576K
Event: 0.846 GC heap after
Heap after GC invocations=9 (full 1):
 PSYoungGen      total 21504K, used 3306K [0x00000000eb380000, 0x00000000ed280000, 0x0000000100000000)
  eden space 17920K, 0% used [0x00000000eb380000,0x00000000eb380000,0x00000000ec500000)
  from space 3584K, 92% used [0x00000000ecf00000,0x00000000ed23a890,0x00000000ed280000)
  to   space 4096K, 0% used [0x00000000eca80000,0x00000000eca80000,0x00000000ece80000)
 ParOldGen       total 9728K, used 4847K [0x00000000c1a00000, 0x00000000c2380000, 0x00000000eb380000)
  object space 9728K, 49% used [0x00000000c1a00000,0x00000000c1ebbe00,0x00000000c2380000)
 Metaspace       used 7351K, capacity 8244K, committed 8448K, reserved 1056768K
  class space    used 887K, capacity 944K, committed 1024K, reserved 1048576K
}

