# JRE version: Java(TM) SE Runtime Environment (8.0_152-b16) (build 1.8.0_152-b16)
# Java VM: Java HotSpot(TM) 64-Bit Server VM (25.152-b16 mixed mode windows-amd64 compressed oops)
Heap:
 PSYoungGen      total 29696K, used 20385K [0x00000000eb380000, 0x00000000ee080000, 0x0000000100000000)
  eden space 22016K, 62% used [0x00000000eb380000,0x00000000ec0f98d0,0x00000000ec900000)
  from space 7680K, 85% used [0x00000000ec900000,0x00000000ecf6ecf0,0x00000000ed080000)
  to   space 10752K, 0% used [0x00000000ed600000,0x00000000ed600000,0x00000000ee080000)
 ParOldGen       total 28160K, used 16535K [0x00000000c1a00000, 0x00000000c3580000, 0x00000000eb380000)
  object space 28160K, 58% used [0x00000000c1a00000,0x00000000c2a25d48,0x00000000c3580000)
 Metaspace       used 7970K, capacity 8692K, committed 8960K, reserved 1056768K
  class space    used 909K, capacity 944K, committed 1024K, reserved 1048576K
GC Heap History (10 events):
Event: 0.846 GC heap before
{Heap before GC invocations=10 (full 1):
 PSYoungGen      total 20480K, used 20453K [0x00000000eb380000, 0x00000000ed200000, 0x0000000100000000)
  eden space 17408K, 100% used [0x00000000eb380000,0x00000000ec480000,0x00000000ec480000)
  from space 3072K, 99% used [0x00000000ecf00000,0x00000000ed1f96f0,0x00000000ed200000)
  to   space 4096K, 0% used [0x00000000eca00000,0x00000000eca00000,0x00000000ece00000)
 ParOldGen       total 9728K, used 5068K [0x00000000c1a00000, 0x00000000c2380000, 0x00000000eb380000)
  object space 9728K, 52% used [0x00000000c1a00000,0x00000000c1ef3248,0x00000000c2380000)
 Metaspace       used 7350K, capacity 8244K, committed 8448K, reserved 1056768K
  class space    used 885K, capacity 944K, committed 1024K, reserved 1048576K
Event: 0.852 GC heap after
Heap after GC invocations=10 (full 1):
 PSYoungGen      total 27136K, used 4076K [0x00000000eb380000, 0x00000000ed680000, 0x0000000100000000)
  eden space 23040K, 0% used [0x00000000eb380000,0x00000000eb380000,0x00000000eca00000)
  from space 4096K, 99% used [0x00000000eca00000,0x00000000ecdfb040,0x00000000ece00000)
  to   space 6144K, 0% used [0x00000000ed080000,0x00000000ed080000,0x00000000ed680000)
 ParOldGen       total 9728K, used 8177K [0x00000000c1a00000, 0x00000000c2380000, 0x00000000eb380000)
  object space 9728K, 84% used [0x00000000c1a00000,0x00000000c21fc4b0,0x00000000c2380000)
 Metaspace       used 7350K, capacity 8244K, committed 8448K, reserved 1056768K
  class space    used 885K, capacity 944K, committed 1024K, reserved 1048576K
}
Event: 0.852 GC heap before
{Heap before GC invocations=11 (full 2):
 PSYoungGen      total 27136K, used 4076K [0x00000000eb380000, 0x00000000ed680000, 0x0000000100000000)
  eden space 23040K, 0% used [0x00000000eb380000,0x00000000eb380000,0x00000000eca00000)
  from space 4096K, 99% used [0x00000000eca00000,0x00000000ecdfb040,0x00000000ece00000)
  to   space 6144K, 0% used [0x00000000ed080000,0x00000000ed080000,0x00000000ed680000)
 ParOldGen       total 9728K, used 8177K [0x00000000c1a00000, 0x00000000c2380000, 0x00000000eb380000)
  object space 9728K, 84% used [0x00000000c1a00000,0x00000000c21fc4b0,0x00000000c2380000)
 Metaspace       used 7350K, capacity 8244K, committed 8448K, reserved 1056768K
  class space    used 885K, capacity 944K, committed 1024K, reserved 1048576K
Event: 0.908 GC heap after
Heap after GC invocations=11 (full 2):
 PSYoungGen      total 27136K, used 2956K [0x00000000eb380000, 0x00000000ed680000, 0x0000000100000000)
  eden space 23040K, 0% used [0x00000000eb380000,0x00000000eb380000,0x00000000eca00000)
  from space 4096K, 72% used [0x00000000eca00000,0x00000000ecce33e8,0x00000000ece00000)
  to   space 6144K, 0% used [0x00000000ed080000,0x00000000ed080000,0x00000000ed680000)
 ParOldGen       total 16896K, used 9217K [0x00000000c1a00000, 0x00000000c2a80000, 0x00000000eb380000)
  object space 16896K, 54% used [0x00000000c1a00000,0x00000000c23007c8,0x00000000c2a80000)
 Metaspace       used 7350K, capacity 8244K, committed 8448K, reserved 1056768K
  class space    used 885K, capacity 944K, committed 1024K, reserved 1048576K
}
Event: 1.516 GC heap before
{Heap before GC invocations=12 (full 2):
 PSYoungGen      total 27136K, used 25885K [0x00000000eb380000, 0x00000000ed680000, 0x0000000100000000)
  eden space 23040K, 99% used [0x00000000eb380000,0x00000000ec9e4050,0x00000000eca00000)
  from space 4096K, 72% used [0x00000000eca00000,0x00000000ecce33e8,0x00000000ece00000)
  to   space 6144K, 0% used [0x00000000ed080000,0x00000000ed080000,0x00000000ed680000)
 ParOldGen       total 16896K, used 9217K [0x00000000c1a00000, 0x00000000c2a80000, 0x00000000eb380000)
  object space 16896K, 54% used [0x00000000c1a00000,0x00000000c23007c8,0x00000000c2a80000)
 Metaspace       used 7448K, capacity 8308K, committed 8448K, reserved 1056768K
  class space    used 885K, capacity 944K, committed 1024K, reserved 1048576K
Event: 1.523 GC heap after
Heap after GC invocations=12 (full 2):
 PSYoungGen      total 28160K, used 6134K [0x00000000eb380000, 0x00000000edb80000, 0x0000000100000000)
  eden space 22016K, 0% used [0x00000000eb380000,0x00000000eb380000,0x00000000ec900000)
  from space 6144K, 99% used [0x00000000ed080000,0x00000000ed67dae8,0x00000000ed680000)
  to   space 7680K, 0% used [0x00000000ec900000,0x00000000ec900000,0x00000000ed080000)
 ParOldGen       total 16896K, used 10514K [0x00000000c1a00000, 0x00000000c2a80000, 0x00000000eb380000)
  object space 16896K, 62% used [0x00000000c1a00000,0x00000000c2444bf8,0x00000000c2a80000)
 Metaspace       used 7448K, capacity 8308K, committed 8448K, reserved 1056768K
  class space    used 885K, capacity 944K, committed 1024K, reserved 1048576K
}
Event: 2.140 GC heap before
{Heap before GC invocations=13 (full 2):
 PSYoungGen      total 28160K, used 28150K [0x00000000eb380000, 0x00000000edb80000, 0x0000000100000000)
  eden space 22016K, 100% used [0x00000000eb380000,0x00000000ec900000,0x00000000ec900000)
  from space 6144K, 99% used [0x00000000ed080000,0x00000000ed67dae8,0x00000000ed680000)
  to   space 7680K, 0% used [0x00000000ec900000,0x00000000ec900000,0x00000000ed080000)
 ParOldGen       total 16896K, used 10514K [0x00000000c1a00000, 0x00000000c2a80000, 0x00000000eb380000)
  object space 16896K, 62% used [0x00000000c1a00000,0x00000000c2444bf8,0x00000000c2a80000)
 Metaspace       used 7780K, capacity 8564K, committed 8704K, reserved 1056768K
  class space    used 905K, capacity 944K, committed 1024K, reserved 1048576K
Event: 2.152 GC heap after
Heap after GC invocations=13 (full 2):
 PSYoungGen      total 29696K, used 7655K [0x00000000eb380000, 0x00000000ee080000, 0x0000000100000000)
  eden space 22016K, 0% used [0x00000000eb380000,0x00000000eb380000,0x00000000ec900000)
  from space 7680K, 99% used [0x00000000ec900000,0x00000000ed079cd0,0x00000000ed080000)
  to   space 10752K, 0% used [0x00000000ed600000,0x00000000ed600000,0x00000000ee080000)
 ParOldGen       total 16896K, used 15743K [0x00000000c1a00000, 0x00000000c2a80000, 0x00000000eb380000)
  object space 16896K, 93% used [0x00000000c1a00000,0x00000000c295fe28,0x00000000c2a80000)
 Metaspace       used 7780K, capacity 8564K, committed 8704K, reserved 1056768K
  class space    used 905K, capacity 944K, committed 1024K, reserved 1048576K
}
Event: 2.152 GC heap before
{Heap before GC invocations=14 (full 3):
 PSYoungGen      total 29696K, used 7655K [0x00000000eb380000, 0x00000000ee080000, 0x0000000100000000)
  eden space 22016K, 0% used [0x00000000eb380000,0x00000000eb380000,0x00000000ec900000)
  from space 7680K, 99% used [0x00000000ec900000,0x00000000ed079cd0,0x00000000ed080000)
  to   space 10752K, 0% used [0x00000000ed600000,0x00000000ed600000,0x00000000ee080000)
 ParOldGen       total 16896K, used 15743K [0x00000000c1a00000, 0x00000000c2a80000, 0x00000000eb380000)
  object space 16896K, 93% used [0x00000000c1a00000,0x00000000c295fe28,0x00000000c2a80000)
 Metaspace       used 7780K, capacity 8564K, committed 8704K, reserved 1056768K
  class space    used 905K, capacity 944K, committed 1024K, reserved 1048576K
Event: 2.275 GC heap after
Heap after GC invocations=14 (full 3):
 PSYoungGen      total 29696K, used 6587K [0x00000000eb380000, 0x00000000ee080000, 0x0000000100000000)
  eden space 22016K, 0% used [0x00000000eb380000,0x00000000eb380000,0x00000000ec900000)
  from space 7680K, 85% used [0x00000000ec900000,0x00000000ecf6ecf0,0x00000000ed080000)
  to   space 10752K, 0% used [0x00000000ed600000,0x00000000ed600000,0x00000000ee080000)
 ParOldGen       total 28160K, used 16535K [0x00000000c1a00000, 0x00000000c3580000, 0x00000000eb380000)
  object space 28160K, 58% used [0x00000000c1a00000,0x00000000c2a25d48,0x00000000c3580000)
 Metaspace       used 7780K, capacity 8564K, committed 8704K, reserved 1056768K
  class space    used 905K, capacity 944K, committed 1024K, reserved 1048576K
}

