# JRE version: Java(TM) SE Runtime Environment (8.0_152-b16) (build 1.8.0_152-b16)
# Java VM: Java HotSpot(TM) 64-Bit Server VM (25.152-b16 mixed mode windows-amd64 compressed oops)
Heap:
 PSYoungGen      total 209408K, used 67588K [0x00000000eb380000, 0x00000000ff380000, 0x0000000100000000)
  eden space 169472K, 19% used [0x00000000eb380000,0x00000000ed3407f8,0x00000000f5900000)
  from space 39936K, 87% used [0x00000000f8c00000,0x00000000fae40898,0x00000000fb300000)
  to   space 52224K, 0% used [0x00000000f5900000,0x00000000f5900000,0x00000000f8c00000)
 ParOldGen       total 82432K, used 82367K [0x00000000c1a00000, 0x00000000c6a80000, 0x00000000eb380000)
  object space 82432K, 99% used [0x00000000c1a00000,0x00000000c6a6fcc0,0x00000000c6a80000)
 Metaspace       used 6700K, capacity 7256K, committed 7424K, reserved 1056768K
  class space    used 638K, capacity 656K, committed 768K, reserved 1048576K
GC Heap History (10 events):
Event: 3.027 GC heap before
{Heap before GC invocations=10 (full 1):
 PSYoungGen      total 142848K, used 17916K [0x00000000eb380000, 0x00000000faa00000, 0x0000000100000000)
  eden space 124928K, 0% used [0x00000000eb380000,0x00000000eb380000,0x00000000f2d80000)
  from space 17920K, 99% used [0x00000000f2d80000,0x00000000f3eff338,0x00000000f3f00000)
  to   space 26112K, 0% used [0x00000000f9080000,0x00000000f9080000,0x00000000faa00000)
 ParOldGen       total 44032K, used 39752K [0x00000000c1a00000, 0x00000000c4500000, 0x00000000eb380000)
  object space 44032K, 90% used [0x00000000c1a00000,0x00000000c40d2288,0x00000000c4500000)
 Metaspace       used 6568K, capacity 7256K, committed 7424K, reserved 1056768K
  class space    used 619K, capacity 656K, committed 768K, reserved 1048576K
Event: 3.510 GC heap after
Heap after GC invocations=10 (full 1):
 PSYoungGen      total 142848K, used 10723K [0x00000000eb380000, 0x00000000faa00000, 0x0000000100000000)
  eden space 124928K, 0% used [0x00000000eb380000,0x00000000eb380000,0x00000000f2d80000)
  from space 17920K, 59% used [0x00000000f2d80000,0x00000000f37f8de0,0x00000000f3f00000)
  to   space 26112K, 0% used [0x00000000f9080000,0x00000000f9080000,0x00000000faa00000)
 ParOldGen       total 82432K, used 43777K [0x00000000c1a00000, 0x00000000c6a80000, 0x00000000eb380000)
  object space 82432K, 53% used [0x00000000c1a00000,0x00000000c44c06e8,0x00000000c6a80000)
 Metaspace       used 6568K, capacity 7256K, committed 7424K, reserved 1056768K
  class space    used 619K, capacity 656K, committed 768K, reserved 1048576K
}
Event: 4.082 GC heap before
{Heap before GC invocations=11 (full 1):
 PSYoungGen      total 142848K, used 135651K [0x00000000eb380000, 0x00000000faa00000, 0x0000000100000000)
  eden space 124928K, 100% used [0x00000000eb380000,0x00000000f2d80000,0x00000000f2d80000)
  from space 17920K, 59% used [0x00000000f2d80000,0x00000000f37f8de0,0x00000000f3f00000)
  to   space 26112K, 0% used [0x00000000f9080000,0x00000000f9080000,0x00000000faa00000)
 ParOldGen       total 82432K, used 43777K [0x00000000c1a00000, 0x00000000c6a80000, 0x00000000eb380000)
  object space 82432K, 53% used [0x00000000c1a00000,0x00000000c44c06e8,0x00000000c6a80000)
 Metaspace       used 6674K, capacity 7256K, committed 7424K, reserved 1056768K
  class space    used 638K, capacity 656K, committed 768K, reserved 1048576K
Event: 4.157 GC heap after
Heap after GC invocations=11 (full 1):
 PSYoungGen      total 174080K, used 24290K [0x00000000eb380000, 0x00000000fa880000, 0x0000000100000000)
  eden space 149504K, 0% used [0x00000000eb380000,0x00000000eb380000,0x00000000f4580000)
  from space 24576K, 98% used [0x00000000f9080000,0x00000000fa838ab0,0x00000000fa880000)
  to   space 29696K, 0% used [0x00000000f6e80000,0x00000000f6e80000,0x00000000f8b80000)
 ParOldGen       total 82432K, used 50139K [0x00000000c1a00000, 0x00000000c6a80000, 0x00000000eb380000)
  object space 82432K, 60% used [0x00000000c1a00000,0x00000000c4af6d48,0x00000000c6a80000)
 Metaspace       used 6674K, capacity 7256K, committed 7424K, reserved 1056768K
  class space    used 638K, capacity 656K, committed 768K, reserved 1048576K
}
Event: 4.971 GC heap before
{Heap before GC invocations=12 (full 1):
 PSYoungGen      total 174080K, used 173794K [0x00000000eb380000, 0x00000000fa880000, 0x0000000100000000)
  eden space 149504K, 100% used [0x00000000eb380000,0x00000000f4580000,0x00000000f4580000)
  from space 24576K, 98% used [0x00000000f9080000,0x00000000fa838ab0,0x00000000fa880000)
  to   space 29696K, 0% used [0x00000000f6e80000,0x00000000f6e80000,0x00000000f8b80000)
 ParOldGen       total 82432K, used 50139K [0x00000000c1a00000, 0x00000000c6a80000, 0x00000000eb380000)
  object space 82432K, 60% used [0x00000000c1a00000,0x00000000c4af6d48,0x00000000c6a80000)
 Metaspace       used 6690K, capacity 7256K, committed 7424K, reserved 1056768K
  class space    used 638K, capacity 656K, committed 768K, reserved 1048576K
Event: 5.068 GC heap after
Heap after GC invocations=12 (full 1):
 PSYoungGen      total 211456K, used 29665K [0x00000000eb380000, 0x00000000fb300000, 0x0000000100000000)
  eden space 181760K, 0% used [0x00000000eb380000,0x00000000eb380000,0x00000000f6500000)
  from space 29696K, 99% used [0x00000000f6e80000,0x00000000f8b78778,0x00000000f8b80000)
  to   space 39936K, 0% used [0x00000000f8c00000,0x00000000f8c00000,0x00000000fb300000)
 ParOldGen       total 82432K, used 65399K [0x00000000c1a00000, 0x00000000c6a80000, 0x00000000eb380000)
  object space 82432K, 79% used [0x00000000c1a00000,0x00000000c59ddc18,0x00000000c6a80000)
 Metaspace       used 6690K, capacity 7256K, committed 7424K, reserved 1056768K
  class space    used 638K, capacity 656K, committed 768K, reserved 1048576K
}
Event: 5.791 GC heap before
{Heap before GC invocations=13 (full 1):
 PSYoungGen      total 211456K, used 211425K [0x00000000eb380000, 0x00000000fb300000, 0x0000000100000000)
  eden space 181760K, 100% used [0x00000000eb380000,0x00000000f6500000,0x00000000f6500000)
  from space 29696K, 99% used [0x00000000f6e80000,0x00000000f8b78778,0x00000000f8b80000)
  to   space 39936K, 0% used [0x00000000f8c00000,0x00000000f8c00000,0x00000000fb300000)
 ParOldGen       total 82432K, used 65399K [0x00000000c1a00000, 0x00000000c6a80000, 0x00000000eb380000)
  object space 82432K, 79% used [0x00000000c1a00000,0x00000000c59ddc18,0x00000000c6a80000)
 Metaspace       used 6700K, capacity 7256K, committed 7424K, reserved 1056768K
  class space    used 638K, capacity 656K, committed 768K, reserved 1048576K
Event: 5.880 GC heap after
Heap after GC invocations=13 (full 1):
 PSYoungGen      total 209408K, used 39906K [0x00000000eb380000, 0x00000000ff380000, 0x0000000100000000)
  eden space 169472K, 0% used [0x00000000eb380000,0x00000000eb380000,0x00000000f5900000)
  from space 39936K, 99% used [0x00000000f8c00000,0x00000000fb2f8860,0x00000000fb300000)
  to   space 52224K, 0% used [0x00000000f5900000,0x00000000f5900000,0x00000000f8c00000)
 ParOldGen       total 82432K, used 80851K [0x00000000c1a00000, 0x00000000c6a80000, 0x00000000eb380000)
  object space 82432K, 98% used [0x00000000c1a00000,0x00000000c68f4f60,0x00000000c6a80000)
 Metaspace       used 6700K, capacity 7256K, committed 7424K, reserved 1056768K
  class space    used 638K, capacity 656K, committed 768K, reserved 1048576K
}
Event: 5.880 GC heap before
{Heap before GC invocations=14 (full 2):
 PSYoungGen      total 209408K, used 39906K [0x00000000eb380000, 0x00000000ff380000, 0x0000000100000000)
  eden space 169472K, 0% used [0x00000000eb380000,0x00000000eb380000,0x00000000f5900000)
  from space 39936K, 99% used [0x00000000f8c00000,0x00000000fb2f8860,0x00000000fb300000)
  to   space 52224K, 0% used [0x00000000f5900000,0x00000000f5900000,0x00000000f8c00000)
 ParOldGen       total 82432K, used 80851K [0x00000000c1a00000, 0x00000000c6a80000, 0x00000000eb380000)
  object space 82432K, 98% used [0x00000000c1a00000,0x00000000c68f4f60,0x00000000c6a80000)
 Metaspace       used 6700K, capacity 7256K, committed 7424K, reserved 1056768K
  class space    used 638K, capacity 656K, committed 768K, reserved 1048576K
Event: 6.730 GC heap after
Heap after GC invocations=14 (full 2):
 PSYoungGen      total 209408K, used 35074K [0x00000000eb380000, 0x00000000ff380000, 0x0000000100000000)
  eden space 169472K, 0% used [0x00000000eb380000,0x00000000eb380000,0x00000000f5900000)
  from space 39936K, 87% used [0x00000000f8c00000,0x00000000fae40898,0x00000000fb300000)
  to   space 52224K, 0% used [0x00000000f5900000,0x00000000f5900000,0x00000000f8c00000)
 ParOldGen       total 82432K, used 82367K [0x00000000c1a00000, 0x00000000c6a80000, 0x00000000eb380000)
  object space 82432K, 99% used [0x00000000c1a00000,0x00000000c6a6fcc0,0x00000000c6a80000)
 Metaspace       used 6700K, capacity 7256K, committed 7424K, reserved 1056768K
  class space    used 638K, capacity 656K, committed 768K, reserved 1048576K
}

