# JRE version: Java(TM) SE Runtime Environment (8.0_152-b16) (build 1.8.0_152-b16)
# Java VM: Java HotSpot(TM) 64-Bit Server VM (25.152-b16 mixed mode windows-amd64 compressed oops)
Heap:
 PSYoungGen      total 246272K, used 180369K [0x00000000eb380000, 0x00000000fda80000, 0x0000000100000000)
  eden space 216064K, 83% used [0x00000000eb380000,0x00000000f63a4728,0x00000000f8680000)
  from space 30208K, 0% used [0x00000000fa580000,0x00000000fa580000,0x00000000fc300000)
  to   space 24064K, 0% used [0x00000000fc300000,0x00000000fc300000,0x00000000fda80000)
 ParOldGen       total 166912K, used 166897K [0x00000000c1a00000, 0x00000000cbd00000, 0x00000000eb380000)
  object space 166912K, 99% used [0x00000000c1a00000,0x00000000cbcfc470,0x00000000cbd00000)
 Metaspace       used 6708K, capacity 7256K, committed 7424K, reserved 1056768K
  class space    used 638K, capacity 656K, committed 768K, reserved 1048576K
GC Heap History (10 events):
Event: 5.342 GC heap before
{Heap before GC invocations=10 (full 1):
 PSYoungGen      total 200704K, used 200688K [0x00000000eb380000, 0x00000000fe080000, 0x0000000100000000)
  eden space 176128K, 100% used [0x00000000eb380000,0x00000000f5f80000,0x00000000f5f80000)
  from space 24576K, 99% used [0x00000000fc880000,0x00000000fe07c210,0x00000000fe080000)
  to   space 30208K, 0% used [0x00000000fa580000,0x00000000fa580000,0x00000000fc300000)
 ParOldGen       total 86016K, used 46244K [0x00000000c1a00000, 0x00000000c6e00000, 0x00000000eb380000)
  object space 86016K, 53% used [0x00000000c1a00000,0x00000000c4729020,0x00000000c6e00000)
 Metaspace       used 6690K, capacity 7256K, committed 7424K, reserved 1056768K
  class space    used 638K, capacity 656K, committed 768K, reserved 1048576K
Event: 5.448 GC heap after
Heap after GC invocations=10 (full 1):
 PSYoungGen      total 246272K, used 30195K [0x00000000eb380000, 0x00000000fda80000, 0x0000000100000000)
  eden space 216064K, 0% used [0x00000000eb380000,0x00000000eb380000,0x00000000f8680000)
  from space 30208K, 99% used [0x00000000fa580000,0x00000000fc2fcee8,0x00000000fc300000)
  to   space 24064K, 0% used [0x00000000fc300000,0x00000000fc300000,0x00000000fda80000)
 ParOldGen       total 86016K, used 66360K [0x00000000c1a00000, 0x00000000c6e00000, 0x00000000eb380000)
  object space 86016K, 77% used [0x00000000c1a00000,0x00000000c5ace3f0,0x00000000c6e00000)
 Metaspace       used 6690K, capacity 7256K, committed 7424K, reserved 1056768K
  class space    used 638K, capacity 656K, committed 768K, reserved 1048576K
}
Event: 6.675 GC heap before
{Heap before GC invocations=11 (full 1):
 PSYoungGen      total 246272K, used 246259K [0x00000000eb380000, 0x00000000fda80000, 0x0000000100000000)
  eden space 216064K, 100% used [0x00000000eb380000,0x00000000f8680000,0x00000000f8680000)
  from space 30208K, 99% used [0x00000000fa580000,0x00000000fc2fcee8,0x00000000fc300000)
  to   space 24064K, 0% used [0x00000000fc300000,0x00000000fc300000,0x00000000fda80000)
 ParOldGen       total 86016K, used 66360K [0x00000000c1a00000, 0x00000000c6e00000, 0x00000000eb380000)
  object space 86016K, 77% used [0x00000000c1a00000,0x00000000c5ace3f0,0x00000000c6e00000)
 Metaspace       used 6696K, capacity 7256K, committed 7424K, reserved 1056768K
  class space    used 638K, capacity 656K, committed 768K, reserved 1048576K
Event: 6.888 GC heap after
Heap after GC invocations=11 (full 1):
 PSYoungGen      total 246272K, used 246259K [0x00000000eb380000, 0x00000000fda80000, 0x0000000100000000)
  eden space 216064K, 100% used [0x00000000eb380000,0x00000000f8680000,0x00000000f8680000)
  from space 30208K, 99% used [0x00000000fa580000,0x00000000fc2fcee8,0x00000000fc300000)
  to   space 24064K, 99% used [0x00000000fc300000,0x00000000fda7b2e0,0x00000000fda80000)
 ParOldGen       total 102400K, used 101907K [0x00000000c1a00000, 0x00000000c7e00000, 0x00000000eb380000)
  object space 102400K, 99% used [0x00000000c1a00000,0x00000000c7d84ec8,0x00000000c7e00000)
 Metaspace       used 6696K, capacity 7256K, committed 7424K, reserved 1056768K
  class space    used 638K, capacity 656K, committed 768K, reserved 1048576K
}
Event: 6.888 GC heap before
{Heap before GC invocations=12 (full 2):
 PSYoungGen      total 246272K, used 246259K [0x00000000eb380000, 0x00000000fda80000, 0x0000000100000000)
  eden space 216064K, 100% used [0x00000000eb380000,0x00000000f8680000,0x00000000f8680000)
  from space 30208K, 99% used [0x00000000fa580000,0x00000000fc2fcee8,0x00000000fc300000)
  to   space 24064K, 99% used [0x00000000fc300000,0x00000000fda7b2e0,0x00000000fda80000)
 ParOldGen       total 102400K, used 101907K [0x00000000c1a00000, 0x00000000c7e00000, 0x00000000eb380000)
  object space 102400K, 99% used [0x00000000c1a00000,0x00000000c7d84ec8,0x00000000c7e00000)
 Metaspace       used 6696K, capacity 7256K, committed 7424K, reserved 1056768K
  class space    used 638K, capacity 656K, committed 768K, reserved 1048576K
Event: 7.947 GC heap after
Heap after GC invocations=12 (full 2):
 PSYoungGen      total 246272K, used 0K [0x00000000eb380000, 0x00000000fda80000, 0x0000000100000000)
  eden space 216064K, 0% used [0x00000000eb380000,0x00000000eb380000,0x00000000f8680000)
  from space 30208K, 0% used [0x00000000fa580000,0x00000000fa580000,0x00000000fc300000)
  to   space 24064K, 84% used [0x00000000fc300000,0x00000000fd6e9250,0x00000000fda80000)
 ParOldGen       total 166912K, used 102326K [0x00000000c1a00000, 0x00000000cbd00000, 0x00000000eb380000)
  object space 166912K, 61% used [0x00000000c1a00000,0x00000000c7deda88,0x00000000cbd00000)
 Metaspace       used 6696K, capacity 7256K, committed 7424K, reserved 1056768K
  class space    used 638K, capacity 656K, committed 768K, reserved 1048576K
}
Event: 8.860 GC heap before
{Heap before GC invocations=13 (full 3):
 PSYoungGen      total 246272K, used 216064K [0x00000000eb380000, 0x00000000fda80000, 0x0000000100000000)
  eden space 216064K, 100% used [0x00000000eb380000,0x00000000f8680000,0x00000000f8680000)
  from space 30208K, 0% used [0x00000000fa580000,0x00000000fa580000,0x00000000fc300000)
  to   space 24064K, 84% used [0x00000000fc300000,0x00000000fd6e9250,0x00000000fda80000)
 ParOldGen       total 166912K, used 102326K [0x00000000c1a00000, 0x00000000cbd00000, 0x00000000eb380000)
  object space 166912K, 61% used [0x00000000c1a00000,0x00000000c7deda88,0x00000000cbd00000)
 Metaspace       used 6703K, capacity 7256K, committed 7424K, reserved 1056768K
  class space    used 638K, capacity 656K, committed 768K, reserved 1048576K
Event: 9.585 GC heap after
Heap after GC invocations=13 (full 3):
 PSYoungGen      total 246272K, used 0K [0x00000000eb380000, 0x00000000fda80000, 0x0000000100000000)
  eden space 216064K, 0% used [0x00000000eb380000,0x00000000eb380000,0x00000000f8680000)
  from space 30208K, 0% used [0x00000000fa580000,0x00000000fa580000,0x00000000fc300000)
  to   space 24064K, 0% used [0x00000000fc300000,0x00000000fc300000,0x00000000fda80000)
 ParOldGen       total 166912K, used 152512K [0x00000000c1a00000, 0x00000000cbd00000, 0x00000000eb380000)
  object space 166912K, 91% used [0x00000000c1a00000,0x00000000caef0290,0x00000000cbd00000)
 Metaspace       used 6703K, capacity 7256K, committed 7424K, reserved 1056768K
  class space    used 638K, capacity 656K, committed 768K, reserved 1048576K
}
Event: 10.356 GC heap before
{Heap before GC invocations=14 (full 4):
 PSYoungGen      total 246272K, used 216064K [0x00000000eb380000, 0x00000000fda80000, 0x0000000100000000)
  eden space 216064K, 100% used [0x00000000eb380000,0x00000000f8680000,0x00000000f8680000)
  from space 30208K, 0% used [0x00000000fa580000,0x00000000fa580000,0x00000000fc300000)
  to   space 24064K, 0% used [0x00000000fc300000,0x00000000fc300000,0x00000000fda80000)
 ParOldGen       total 166912K, used 152512K [0x00000000c1a00000, 0x00000000cbd00000, 0x00000000eb380000)
  object space 166912K, 91% used [0x00000000c1a00000,0x00000000caef0290,0x00000000cbd00000)
 Metaspace       used 6707K, capacity 7256K, committed 7424K, reserved 1056768K
  class space    used 638K, capacity 656K, committed 768K, reserved 1048576K
Event: 11.496 GC heap after
Heap after GC invocations=14 (full 4):
 PSYoungGen      total 246272K, used 17290K [0x00000000eb380000, 0x00000000fda80000, 0x0000000100000000)
  eden space 216064K, 8% used [0x00000000eb380000,0x00000000ec462990,0x00000000f8680000)
  from space 30208K, 0% used [0x00000000fa580000,0x00000000fa580000,0x00000000fc300000)
  to   space 24064K, 0% used [0x00000000fc300000,0x00000000fc300000,0x00000000fda80000)
 ParOldGen       total 166912K, used 166897K [0x00000000c1a00000, 0x00000000cbd00000, 0x00000000eb380000)
  object space 166912K, 99% used [0x00000000c1a00000,0x00000000cbcfc470,0x00000000cbd00000)
 Metaspace       used 6707K, capacity 7256K, committed 7424K, reserved 1056768K
  class space    used 638K, capacity 656K, committed 768K, reserved 1048576K
}

