# JRE version: Java(TM) SE Runtime Environment (8.0_152-b16) (build 1.8.0_152-b16)
# Java VM: Java HotSpot(TM) 64-Bit Server VM (25.152-b16 mixed mode windows-amd64 compressed oops)
Heap:
 PSYoungGen      total 35328K, used 18997K [0x00000000eb380000, 0x00000000ee000000, 0x0000000100000000)
  eden space 25088K, 55% used [0x00000000eb380000,0x00000000ec135768,0x00000000ecc00000)
  from space 10240K, 48% used [0x00000000ed600000,0x00000000edad8000,0x00000000ee000000)
  to   space 10240K, 0% used [0x00000000ecc00000,0x00000000ecc00000,0x00000000ed600000)
 ParOldGen       total 46592K, used 29083K [0x00000000c1a00000, 0x00000000c4780000, 0x00000000eb380000)
  object space 46592K, 62% used [0x00000000c1a00000,0x00000000c3666f80,0x00000000c4780000)
 Metaspace       used 9957K, capacity 10452K, committed 10624K, reserved 1058816K
  class space    used 1024K, capacity 1040K, committed 1152K, reserved 1048576K
GC Heap History (10 events):
Event: 2.936 GC heap before
{Heap before GC invocations=18 (full 3):
 PSYoungGen      total 27136K, used 26514K [0x00000000eb380000, 0x00000000eda80000, 0x0000000100000000)
  eden space 19968K, 100% used [0x00000000eb380000,0x00000000ec700000,0x00000000ec700000)
  from space 7168K, 91% used [0x00000000ecf00000,0x00000000ed564bb0,0x00000000ed600000)
  to   space 8192K, 0% used [0x00000000ec700000,0x00000000ec700000,0x00000000ecf00000)
 ParOldGen       total 29184K, used 20434K [0x00000000c1a00000, 0x00000000c3680000, 0x00000000eb380000)
  object space 29184K, 70% used [0x00000000c1a00000,0x00000000c2df4a48,0x00000000c3680000)
 Metaspace       used 8873K, capacity 9524K, committed 9728K, reserved 1058816K
  class space    used 987K, capacity 1008K, committed 1024K, reserved 1048576K
Event: 2.952 GC heap after
Heap after GC invocations=18 (full 3):
 PSYoungGen      total 28160K, used 8180K [0x00000000eb380000, 0x00000000edf00000, 0x0000000100000000)
  eden space 19968K, 0% used [0x00000000eb380000,0x00000000eb380000,0x00000000ec700000)
  from space 8192K, 99% used [0x00000000ec700000,0x00000000ecefd198,0x00000000ecf00000)
  to   space 10752K, 0% used [0x00000000ed480000,0x00000000ed480000,0x00000000edf00000)
 ParOldGen       total 29184K, used 24192K [0x00000000c1a00000, 0x00000000c3680000, 0x00000000eb380000)
  object space 29184K, 82% used [0x00000000c1a00000,0x00000000c31a0078,0x00000000c3680000)
 Metaspace       used 8873K, capacity 9524K, committed 9728K, reserved 1058816K
  class space    used 987K, capacity 1008K, committed 1024K, reserved 1048576K
}
Event: 3.992 GC heap before
{Heap before GC invocations=19 (full 3):
 PSYoungGen      total 28160K, used 28148K [0x00000000eb380000, 0x00000000edf00000, 0x0000000100000000)
  eden space 19968K, 100% used [0x00000000eb380000,0x00000000ec700000,0x00000000ec700000)
  from space 8192K, 99% used [0x00000000ec700000,0x00000000ecefd198,0x00000000ecf00000)
  to   space 10752K, 0% used [0x00000000ed480000,0x00000000ed480000,0x00000000edf00000)
 ParOldGen       total 29184K, used 24192K [0x00000000c1a00000, 0x00000000c3680000, 0x00000000eb380000)
  object space 29184K, 82% used [0x00000000c1a00000,0x00000000c31a0078,0x00000000c3680000)
 Metaspace       used 9196K, capacity 9812K, committed 10112K, reserved 1058816K
  class space    used 1005K, capacity 1040K, committed 1152K, reserved 1048576K
Event: 4.004 GC heap after
Heap after GC invocations=19 (full 3):
 PSYoungGen      total 33792K, used 1024K [0x00000000eb380000, 0x00000000edf00000, 0x0000000100000000)
  eden space 23040K, 0% used [0x00000000eb380000,0x00000000eb380000,0x00000000eca00000)
  from space 10752K, 9% used [0x00000000ed480000,0x00000000ed580000,0x00000000edf00000)
  to   space 10752K, 0% used [0x00000000eca00000,0x00000000eca00000,0x00000000ed480000)
 ParOldGen       total 32768K, used 32351K [0x00000000c1a00000, 0x00000000c3a00000, 0x00000000eb380000)
  object space 32768K, 98% used [0x00000000c1a00000,0x00000000c3997d78,0x00000000c3a00000)
 Metaspace       used 9196K, capacity 9812K, committed 10112K, reserved 1058816K
  class space    used 1005K, capacity 1040K, committed 1152K, reserved 1048576K
}
Event: 4.004 GC heap before
{Heap before GC invocations=20 (full 4):
 PSYoungGen      total 33792K, used 1024K [0x00000000eb380000, 0x00000000edf00000, 0x0000000100000000)
  eden space 23040K, 0% used [0x00000000eb380000,0x00000000eb380000,0x00000000eca00000)
  from space 10752K, 9% used [0x00000000ed480000,0x00000000ed580000,0x00000000edf00000)
  to   space 10752K, 0% used [0x00000000eca00000,0x00000000eca00000,0x00000000ed480000)
 ParOldGen       total 32768K, used 32351K [0x00000000c1a00000, 0x00000000c3a00000, 0x00000000eb380000)
  object space 32768K, 98% used [0x00000000c1a00000,0x00000000c3997d78,0x00000000c3a00000)
 Metaspace       used 9196K, capacity 9812K, committed 10112K, reserved 1058816K
  class space    used 1005K, capacity 1040K, committed 1152K, reserved 1048576K
Event: 4.115 GC heap after
Heap after GC invocations=20 (full 4):
 PSYoungGen      total 33792K, used 0K [0x00000000eb380000, 0x00000000edf00000, 0x0000000100000000)
  eden space 23040K, 0% used [0x00000000eb380000,0x00000000eb380000,0x00000000eca00000)
  from space 10752K, 0% used [0x00000000ed480000,0x00000000ed480000,0x00000000edf00000)
  to   space 10752K, 0% used [0x00000000eca00000,0x00000000eca00000,0x00000000ed480000)
 ParOldGen       total 46592K, used 29067K [0x00000000c1a00000, 0x00000000c4780000, 0x00000000eb380000)
  object space 46592K, 62% used [0x00000000c1a00000,0x00000000c3662f80,0x00000000c4780000)
 Metaspace       used 9196K, capacity 9812K, committed 10112K, reserved 1058816K
  class space    used 1005K, capacity 1040K, committed 1152K, reserved 1048576K
}
Event: 5.230 GC heap before
{Heap before GC invocations=21 (full 4):
 PSYoungGen      total 33792K, used 23040K [0x00000000eb380000, 0x00000000edf00000, 0x0000000100000000)
  eden space 23040K, 100% used [0x00000000eb380000,0x00000000eca00000,0x00000000eca00000)
  from space 10752K, 0% used [0x00000000ed480000,0x00000000ed480000,0x00000000edf00000)
  to   space 10752K, 0% used [0x00000000eca00000,0x00000000eca00000,0x00000000ed480000)
 ParOldGen       total 46592K, used 29067K [0x00000000c1a00000, 0x00000000c4780000, 0x00000000eb380000)
  object space 46592K, 62% used [0x00000000c1a00000,0x00000000c3662f80,0x00000000c4780000)
 Metaspace       used 9652K, capacity 10196K, committed 10368K, reserved 1058816K
  class space    used 1006K, capacity 1040K, committed 1152K, reserved 1048576K
Event: 5.235 GC heap after
Heap after GC invocations=21 (full 4):
 PSYoungGen      total 33792K, used 2513K [0x00000000eb380000, 0x00000000ee000000, 0x0000000100000000)
  eden space 23040K, 0% used [0x00000000eb380000,0x00000000eb380000,0x00000000eca00000)
  from space 10752K, 23% used [0x00000000eca00000,0x00000000ecc74408,0x00000000ed480000)
  to   space 10240K, 0% used [0x00000000ed600000,0x00000000ed600000,0x00000000ee000000)
 ParOldGen       total 46592K, used 29075K [0x00000000c1a00000, 0x00000000c4780000, 0x00000000eb380000)
  object space 46592K, 62% used [0x00000000c1a00000,0x00000000c3664f80,0x00000000c4780000)
 Metaspace       used 9652K, capacity 10196K, committed 10368K, reserved 1058816K
  class space    used 1006K, capacity 1040K, committed 1152K, reserved 1048576K
}
Event: 6.032 GC heap before
{Heap before GC invocations=22 (full 4):
 PSYoungGen      total 33792K, used 25553K [0x00000000eb380000, 0x00000000ee000000, 0x0000000100000000)
  eden space 23040K, 100% used [0x00000000eb380000,0x00000000eca00000,0x00000000eca00000)
  from space 10752K, 23% used [0x00000000eca00000,0x00000000ecc74408,0x00000000ed480000)
  to   space 10240K, 0% used [0x00000000ed600000,0x00000000ed600000,0x00000000ee000000)
 ParOldGen       total 46592K, used 29075K [0x00000000c1a00000, 0x00000000c4780000, 0x00000000eb380000)
  object space 46592K, 62% used [0x00000000c1a00000,0x00000000c3664f80,0x00000000c4780000)
 Metaspace       used 9747K, capacity 10324K, committed 10624K, reserved 1058816K
  class space    used 1006K, capacity 1040K, committed 1152K, reserved 1048576K
Event: 6.039 GC heap after
Heap after GC invocations=22 (full 4):
 PSYoungGen      total 35328K, used 4960K [0x00000000eb380000, 0x00000000ee000000, 0x0000000100000000)
  eden space 25088K, 0% used [0x00000000eb380000,0x00000000eb380000,0x00000000ecc00000)
  from space 10240K, 48% used [0x00000000ed600000,0x00000000edad8000,0x00000000ee000000)
  to   space 10240K, 0% used [0x00000000ecc00000,0x00000000ecc00000,0x00000000ed600000)
 ParOldGen       total 46592K, used 29083K [0x00000000c1a00000, 0x00000000c4780000, 0x00000000eb380000)
  object space 46592K, 62% used [0x00000000c1a00000,0x00000000c3666f80,0x00000000c4780000)
 Metaspace       used 9747K, capacity 10324K, committed 10624K, reserved 1058816K
  class space    used 1006K, capacity 1040K, committed 1152K, reserved 1048576K
}

