# JRE version: Java(TM) SE Runtime Environment (8.0_152-b16) (build 1.8.0_152-b16)
# Java VM: Java HotSpot(TM) 64-Bit Server VM (25.152-b16 mixed mode windows-amd64 compressed oops)
Heap:
 PSYoungGen      total 33792K, used 27009K [0x00000000eb380000, 0x00000000ee480000, 0x0000000100000000)
  eden space 22528K, 75% used [0x00000000eb380000,0x00000000ec4278a8,0x00000000ec980000)
  from space 11264K, 88% used [0x00000000ed600000,0x00000000edfb8ef8,0x00000000ee100000)
  to   space 12800K, 0% used [0x00000000ec980000,0x00000000ec980000,0x00000000ed600000)
 ParOldGen       total 27648K, used 20286K [0x00000000c1a00000, 0x00000000c3500000, 0x00000000eb380000)
  object space 27648K, 73% used [0x00000000c1a00000,0x00000000c2dcfa78,0x00000000c3500000)
 Metaspace       used 9078K, capacity 9748K, committed 10112K, reserved 1058816K
  class space    used 1002K, capacity 1040K, committed 1152K, reserved 1048576K
GC Heap History (10 events):
Event: 1.128 GC heap before
{Heap before GC invocations=11 (full 2):
 PSYoungGen      total 27648K, used 4080K [0x00000000eb380000, 0x00000000ed680000, 0x0000000100000000)
  eden space 23552K, 0% used [0x00000000eb380000,0x00000000eb380000,0x00000000eca80000)
  from space 4096K, 99% used [0x00000000eca80000,0x00000000ece7c1e0,0x00000000ece80000)
  to   space 6144K, 0% used [0x00000000ed080000,0x00000000ed080000,0x00000000ed680000)
 ParOldGen       total 9728K, used 8226K [0x00000000c1a00000, 0x00000000c2380000, 0x00000000eb380000)
  object space 9728K, 84% used [0x00000000c1a00000,0x00000000c2208bf8,0x00000000c2380000)
 Metaspace       used 7355K, capacity 8244K, committed 8448K, reserved 1056768K
  class space    used 885K, capacity 944K, committed 1024K, reserved 1048576K
Event: 1.168 GC heap after
Heap after GC invocations=11 (full 2):
 PSYoungGen      total 27648K, used 2907K [0x00000000eb380000, 0x00000000ed680000, 0x0000000100000000)
  eden space 23552K, 0% used [0x00000000eb380000,0x00000000eb380000,0x00000000eca80000)
  from space 4096K, 70% used [0x00000000eca80000,0x00000000ecd56c78,0x00000000ece80000)
  to   space 6144K, 0% used [0x00000000ed080000,0x00000000ed080000,0x00000000ed680000)
 ParOldGen       total 17408K, used 9356K [0x00000000c1a00000, 0x00000000c2b00000, 0x00000000eb380000)
  object space 17408K, 53% used [0x00000000c1a00000,0x00000000c2323350,0x00000000c2b00000)
 Metaspace       used 7355K, capacity 8244K, committed 8448K, reserved 1056768K
  class space    used 885K, capacity 944K, committed 1024K, reserved 1048576K
}
Event: 1.790 GC heap before
{Heap before GC invocations=12 (full 2):
 PSYoungGen      total 27648K, used 26459K [0x00000000eb380000, 0x00000000ed680000, 0x0000000100000000)
  eden space 23552K, 100% used [0x00000000eb380000,0x00000000eca80000,0x00000000eca80000)
  from space 4096K, 70% used [0x00000000eca80000,0x00000000ecd56c78,0x00000000ece80000)
  to   space 6144K, 0% used [0x00000000ed080000,0x00000000ed080000,0x00000000ed680000)
 ParOldGen       total 17408K, used 9356K [0x00000000c1a00000, 0x00000000c2b00000, 0x00000000eb380000)
  object space 17408K, 53% used [0x00000000c1a00000,0x00000000c2323350,0x00000000c2b00000)
 Metaspace       used 7446K, capacity 8308K, committed 8448K, reserved 1056768K
  class space    used 885K, capacity 944K, committed 1024K, reserved 1048576K
Event: 1.798 GC heap after
Heap after GC invocations=12 (full 2):
 PSYoungGen      total 27648K, used 6118K [0x00000000eb380000, 0x00000000edd80000, 0x0000000100000000)
  eden space 21504K, 0% used [0x00000000eb380000,0x00000000eb380000,0x00000000ec880000)
  from space 6144K, 99% used [0x00000000ed080000,0x00000000ed679870,0x00000000ed680000)
  to   space 8192K, 0% used [0x00000000ec880000,0x00000000ec880000,0x00000000ed080000)
 ParOldGen       total 17408K, used 11671K [0x00000000c1a00000, 0x00000000c2b00000, 0x00000000eb380000)
  object space 17408K, 67% used [0x00000000c1a00000,0x00000000c2565ec8,0x00000000c2b00000)
 Metaspace       used 7446K, capacity 8308K, committed 8448K, reserved 1056768K
  class space    used 885K, capacity 944K, committed 1024K, reserved 1048576K
}
Event: 2.396 GC heap before
{Heap before GC invocations=13 (full 2):
 PSYoungGen      total 27648K, used 27622K [0x00000000eb380000, 0x00000000edd80000, 0x0000000100000000)
  eden space 21504K, 100% used [0x00000000eb380000,0x00000000ec880000,0x00000000ec880000)
  from space 6144K, 99% used [0x00000000ed080000,0x00000000ed679870,0x00000000ed680000)
  to   space 8192K, 0% used [0x00000000ec880000,0x00000000ec880000,0x00000000ed080000)
 ParOldGen       total 17408K, used 11671K [0x00000000c1a00000, 0x00000000c2b00000, 0x00000000eb380000)
  object space 17408K, 67% used [0x00000000c1a00000,0x00000000c2565ec8,0x00000000c2b00000)
 Metaspace       used 7832K, capacity 8564K, committed 8704K, reserved 1056768K
  class space    used 908K, capacity 944K, committed 1024K, reserved 1048576K
Event: 2.407 GC heap after
Heap after GC invocations=13 (full 2):
 PSYoungGen      total 29696K, used 8162K [0x00000000eb380000, 0x00000000ee100000, 0x0000000100000000)
  eden space 21504K, 0% used [0x00000000eb380000,0x00000000eb380000,0x00000000ec880000)
  from space 8192K, 99% used [0x00000000ec880000,0x00000000ed078b08,0x00000000ed080000)
  to   space 11264K, 0% used [0x00000000ed600000,0x00000000ed600000,0x00000000ee100000)
 ParOldGen       total 17408K, used 15774K [0x00000000c1a00000, 0x00000000c2b00000, 0x00000000eb380000)
  object space 17408K, 90% used [0x00000000c1a00000,0x00000000c2967840,0x00000000c2b00000)
 Metaspace       used 7832K, capacity 8564K, committed 8704K, reserved 1056768K
  class space    used 908K, capacity 944K, committed 1024K, reserved 1048576K
}
Event: 2.407 GC heap before
{Heap before GC invocations=14 (full 3):
 PSYoungGen      total 29696K, used 8162K [0x00000000eb380000, 0x00000000ee100000, 0x0000000100000000)
  eden space 21504K, 0% used [0x00000000eb380000,0x00000000eb380000,0x00000000ec880000)
  from space 8192K, 99% used [0x00000000ec880000,0x00000000ed078b08,0x00000000ed080000)
  to   space 11264K, 0% used [0x00000000ed600000,0x00000000ed600000,0x00000000ee100000)
 ParOldGen       total 17408K, used 15774K [0x00000000c1a00000, 0x00000000c2b00000, 0x00000000eb380000)
  object space 17408K, 90% used [0x00000000c1a00000,0x00000000c2967840,0x00000000c2b00000)
 Metaspace       used 7832K, capacity 8564K, committed 8704K, reserved 1056768K
  class space    used 908K, capacity 944K, committed 1024K, reserved 1048576K
Event: 2.555 GC heap after
Heap after GC invocations=14 (full 3):
 PSYoungGen      total 29696K, used 7465K [0x00000000eb380000, 0x00000000ee100000, 0x0000000100000000)
  eden space 21504K, 0% used [0x00000000eb380000,0x00000000eb380000,0x00000000ec880000)
  from space 8192K, 91% used [0x00000000ec880000,0x00000000ecfca448,0x00000000ed080000)
  to   space 11264K, 0% used [0x00000000ed600000,0x00000000ed600000,0x00000000ee100000)
 ParOldGen       total 27648K, used 16117K [0x00000000c1a00000, 0x00000000c3500000, 0x00000000eb380000)
  object space 27648K, 58% used [0x00000000c1a00000,0x00000000c29bd640,0x00000000c3500000)
 Metaspace       used 7832K, capacity 8564K, committed 8704K, reserved 1056768K
  class space    used 908K, capacity 944K, committed 1024K, reserved 1048576K
}
Event: 2.819 GC heap before
{Heap before GC invocations=15 (full 3):
 PSYoungGen      total 29696K, used 28969K [0x00000000eb380000, 0x00000000ee100000, 0x0000000100000000)
  eden space 21504K, 100% used [0x00000000eb380000,0x00000000ec880000,0x00000000ec880000)
  from space 8192K, 91% used [0x00000000ec880000,0x00000000ecfca448,0x00000000ed080000)
  to   space 11264K, 0% used [0x00000000ed600000,0x00000000ed600000,0x00000000ee100000)
 ParOldGen       total 27648K, used 16117K [0x00000000c1a00000, 0x00000000c3500000, 0x00000000eb380000)
  object space 27648K, 58% used [0x00000000c1a00000,0x00000000c29bd640,0x00000000c3500000)
 Metaspace       used 8087K, capacity 8820K, committed 8960K, reserved 1056768K
  class space    used 912K, capacity 944K, committed 1024K, reserved 1048576K
Event: 2.837 GC heap after
Heap after GC invocations=15 (full 3):
 PSYoungGen      total 33792K, used 9955K [0x00000000eb380000, 0x00000000ee480000, 0x0000000100000000)
  eden space 22528K, 0% used [0x00000000eb380000,0x00000000eb380000,0x00000000ec980000)
  from space 11264K, 88% used [0x00000000ed600000,0x00000000edfb8ef8,0x00000000ee100000)
  to   space 12800K, 0% used [0x00000000ec980000,0x00000000ec980000,0x00000000ed600000)
 ParOldGen       total 27648K, used 20286K [0x00000000c1a00000, 0x00000000c3500000, 0x00000000eb380000)
  object space 27648K, 73% used [0x00000000c1a00000,0x00000000c2dcfa78,0x00000000c3500000)
 Metaspace       used 8087K, capacity 8820K, committed 8960K, reserved 1056768K
  class space    used 912K, capacity 944K, committed 1024K, reserved 1048576K
}

