# JRE version: Java(TM) SE Runtime Environment (8.0_152-b16) (build 1.8.0_152-b16)
# Java VM: Java HotSpot(TM) 64-Bit Server VM (25.152-b16 mixed mode windows-amd64 compressed oops)
Heap:
 PSYoungGen      total 250880K, used 128986K [0x00000000eb380000, 0x0000000100000000, 0x0000000100000000)
  eden space 174592K, 43% used [0x00000000eb380000,0x00000000efd11720,0x00000000f5e00000)
  from space 76288K, 70% used [0x00000000fb580000,0x00000000fe9e5378,0x0000000100000000)
  to   space 82944K, 0% used [0x00000000f5e00000,0x00000000f5e00000,0x00000000faf00000)
 ParOldGen       total 235520K, used 176283K [0x00000000c1a00000, 0x00000000d0000000, 0x00000000eb380000)
  object space 235520K, 74% used [0x00000000c1a00000,0x00000000cc626d08,0x00000000d0000000)
 Metaspace       used 7044K, capacity 7608K, committed 7936K, reserved 1056768K
  class space    used 656K, capacity 688K, committed 768K, reserved 1048576K
GC Heap History (10 events):
Event: 7.378 GC heap before
{Heap before GC invocations=15 (full 2):
 PSYoungGen      total 214528K, used 210092K [0x00000000eb380000, 0x00000000fe800000, 0x0000000100000000)
  eden space 175616K, 100% used [0x00000000eb380000,0x00000000f5f00000,0x00000000f5f00000)
  from space 38912K, 88% used [0x00000000f8b80000,0x00000000fad2b2b8,0x00000000fb180000)
  to   space 45568K, 0% used [0x00000000f5f00000,0x00000000f5f00000,0x00000000f8b80000)
 ParOldGen       total 145408K, used 81524K [0x00000000c1a00000, 0x00000000ca800000, 0x00000000eb380000)
  object space 145408K, 56% used [0x00000000c1a00000,0x00000000c699d098,0x00000000ca800000)
 Metaspace       used 6698K, capacity 7256K, committed 7424K, reserved 1056768K
  class space    used 638K, capacity 656K, committed 768K, reserved 1048576K
Event: 7.498 GC heap after
Heap after GC invocations=15 (full 2):
 PSYoungGen      total 221184K, used 45537K [0x00000000eb380000, 0x00000000fee00000, 0x0000000100000000)
  eden space 175616K, 0% used [0x00000000eb380000,0x00000000eb380000,0x00000000f5f00000)
  from space 45568K, 99% used [0x00000000f5f00000,0x00000000f8b786a8,0x00000000f8b80000)
  to   space 57856K, 0% used [0x00000000fb580000,0x00000000fb580000,0x00000000fee00000)
 ParOldGen       total 145408K, used 95272K [0x00000000c1a00000, 0x00000000ca800000, 0x00000000eb380000)
  object space 145408K, 65% used [0x00000000c1a00000,0x00000000c770a2c8,0x00000000ca800000)
 Metaspace       used 6698K, capacity 7256K, committed 7424K, reserved 1056768K
  class space    used 638K, capacity 656K, committed 768K, reserved 1048576K
}
Event: 8.203 GC heap before
{Heap before GC invocations=16 (full 2):
 PSYoungGen      total 221184K, used 221153K [0x00000000eb380000, 0x00000000fee00000, 0x0000000100000000)
  eden space 175616K, 100% used [0x00000000eb380000,0x00000000f5f00000,0x00000000f5f00000)
  from space 45568K, 99% used [0x00000000f5f00000,0x00000000f8b786a8,0x00000000f8b80000)
  to   space 57856K, 0% used [0x00000000fb580000,0x00000000fb580000,0x00000000fee00000)
 ParOldGen       total 145408K, used 95272K [0x00000000c1a00000, 0x00000000ca800000, 0x00000000eb380000)
  object space 145408K, 65% used [0x00000000c1a00000,0x00000000c770a2c8,0x00000000ca800000)
 Metaspace       used 6704K, capacity 7256K, committed 7424K, reserved 1056768K
  class space    used 638K, capacity 656K, committed 768K, reserved 1048576K
Event: 8.332 GC heap after
Heap after GC invocations=16 (full 2):
 PSYoungGen      total 258560K, used 46345K [0x00000000eb380000, 0x00000000ffd80000, 0x0000000100000000)
  eden space 200704K, 0% used [0x00000000eb380000,0x00000000eb380000,0x00000000f7780000)
  from space 57856K, 80% used [0x00000000fb580000,0x00000000fe2c2640,0x00000000fee00000)
  to   space 63488K, 0% used [0x00000000f7780000,0x00000000f7780000,0x00000000fb580000)
 ParOldGen       total 145408K, used 119618K [0x00000000c1a00000, 0x00000000ca800000, 0x00000000eb380000)
  object space 145408K, 82% used [0x00000000c1a00000,0x00000000c8ed0970,0x00000000ca800000)
 Metaspace       used 6704K, capacity 7256K, committed 7424K, reserved 1056768K
  class space    used 638K, capacity 656K, committed 768K, reserved 1048576K
}
Event: 8.997 GC heap before
{Heap before GC invocations=17 (full 2):
 PSYoungGen      total 258560K, used 247049K [0x00000000eb380000, 0x00000000ffd80000, 0x0000000100000000)
  eden space 200704K, 100% used [0x00000000eb380000,0x00000000f7780000,0x00000000f7780000)
  from space 57856K, 80% used [0x00000000fb580000,0x00000000fe2c2640,0x00000000fee00000)
  to   space 63488K, 0% used [0x00000000f7780000,0x00000000f7780000,0x00000000fb580000)
 ParOldGen       total 145408K, used 119618K [0x00000000c1a00000, 0x00000000ca800000, 0x00000000eb380000)
  object space 145408K, 82% used [0x00000000c1a00000,0x00000000c8ed0970,0x00000000ca800000)
 Metaspace       used 6706K, capacity 7256K, committed 7424K, reserved 1056768K
  class space    used 638K, capacity 656K, committed 768K, reserved 1048576K
Event: 9.120 GC heap after
Heap after GC invocations=17 (full 2):
 PSYoungGen      total 264192K, used 63461K [0x00000000eb380000, 0x0000000100000000, 0x0000000100000000)
  eden space 200704K, 0% used [0x00000000eb380000,0x00000000eb380000,0x00000000f7780000)
  from space 63488K, 99% used [0x00000000f7780000,0x00000000fb5794c0,0x00000000fb580000)
  to   space 76288K, 0% used [0x00000000fb580000,0x00000000fb580000,0x0000000100000000)
 ParOldGen       total 145408K, used 132401K [0x00000000c1a00000, 0x00000000ca800000, 0x00000000eb380000)
  object space 145408K, 91% used [0x00000000c1a00000,0x00000000c9b4c6f8,0x00000000ca800000)
 Metaspace       used 6706K, capacity 7256K, committed 7424K, reserved 1056768K
  class space    used 638K, capacity 656K, committed 768K, reserved 1048576K
}
Event: 9.120 GC heap before
{Heap before GC invocations=18 (full 3):
 PSYoungGen      total 264192K, used 63461K [0x00000000eb380000, 0x0000000100000000, 0x0000000100000000)
  eden space 200704K, 0% used [0x00000000eb380000,0x00000000eb380000,0x00000000f7780000)
  from space 63488K, 99% used [0x00000000f7780000,0x00000000fb5794c0,0x00000000fb580000)
  to   space 76288K, 0% used [0x00000000fb580000,0x00000000fb580000,0x0000000100000000)
 ParOldGen       total 145408K, used 132401K [0x00000000c1a00000, 0x00000000ca800000, 0x00000000eb380000)
  object space 145408K, 91% used [0x00000000c1a00000,0x00000000c9b4c6f8,0x00000000ca800000)
 Metaspace       used 6706K, capacity 7256K, committed 7424K, reserved 1056768K
  class space    used 638K, capacity 656K, committed 768K, reserved 1048576K
Event: 10.327 GC heap after
Heap after GC invocations=18 (full 3):
 PSYoungGen      total 264192K, used 47983K [0x00000000eb380000, 0x0000000100000000, 0x0000000100000000)
  eden space 200704K, 0% used [0x00000000eb380000,0x00000000eb380000,0x00000000f7780000)
  from space 63488K, 75% used [0x00000000f7780000,0x00000000fa65bc28,0x00000000fb580000)
  to   space 76288K, 0% used [0x00000000fb580000,0x00000000fb580000,0x0000000100000000)
 ParOldGen       total 235520K, used 145364K [0x00000000c1a00000, 0x00000000d0000000, 0x00000000eb380000)
  object space 235520K, 61% used [0x00000000c1a00000,0x00000000ca7f5258,0x00000000d0000000)
 Metaspace       used 6706K, capacity 7256K, committed 7424K, reserved 1056768K
  class space    used 638K, capacity 656K, committed 768K, reserved 1048576K
}
Event: 11.069 GC heap before
{Heap before GC invocations=19 (full 3):
 PSYoungGen      total 264192K, used 248687K [0x00000000eb380000, 0x0000000100000000, 0x0000000100000000)
  eden space 200704K, 100% used [0x00000000eb380000,0x00000000f7780000,0x00000000f7780000)
  from space 63488K, 75% used [0x00000000f7780000,0x00000000fa65bc28,0x00000000fb580000)
  to   space 76288K, 0% used [0x00000000fb580000,0x00000000fb580000,0x0000000100000000)
 ParOldGen       total 235520K, used 145364K [0x00000000c1a00000, 0x00000000d0000000, 0x00000000eb380000)
  object space 235520K, 61% used [0x00000000c1a00000,0x00000000ca7f5258,0x00000000d0000000)
 Metaspace       used 6711K, capacity 7256K, committed 7424K, reserved 1056768K
  class space    used 638K, capacity 656K, committed 768K, reserved 1048576K
Event: 11.320 GC heap after
Heap after GC invocations=19 (full 3):
 PSYoungGen      total 250880K, used 53652K [0x00000000eb380000, 0x0000000100000000, 0x0000000100000000)
  eden space 174592K, 0% used [0x00000000eb380000,0x00000000eb380000,0x00000000f5e00000)
  from space 76288K, 70% used [0x00000000fb580000,0x00000000fe9e5378,0x0000000100000000)
  to   space 82944K, 0% used [0x00000000f5e00000,0x00000000f5e00000,0x00000000faf00000)
 ParOldGen       total 235520K, used 176283K [0x00000000c1a00000, 0x00000000d0000000, 0x00000000eb380000)
  object space 235520K, 74% used [0x00000000c1a00000,0x00000000cc626d08,0x00000000d0000000)
 Metaspace       used 6711K, capacity 7256K, committed 7424K, reserved 1056768K
  class space    used 638K, capacity 656K, committed 768K, reserved 1048576K
}

