# JRE version: Java(TM) SE Runtime Environment (8.0_152-b16) (build 1.8.0_152-b16)
# Java VM: Java HotSpot(TM) 64-Bit Server VM (25.152-b16 mixed mode windows-amd64 compressed oops)
Heap:
 PSYoungGen      total 170496K, used 76298K [0x00000000eb380000, 0x00000000fb900000, 0x0000000100000000)
  eden space 128000K, 35% used [0x00000000eb380000,0x00000000edfa1608,0x00000000f3080000)
  from space 42496K, 73% used [0x00000000f3080000,0x00000000f4ee12e0,0x00000000f5a00000)
  to   space 52224K, 0% used [0x00000000f8600000,0x00000000f8600000,0x00000000fb900000)
 ParOldGen       total 85504K, used 85153K [0x00000000c1a00000, 0x00000000c6d80000, 0x00000000eb380000)
  object space 85504K, 99% used [0x00000000c1a00000,0x00000000c6d28748,0x00000000c6d80000)
 Metaspace       used 6698K, capacity 7256K, committed 7424K, reserved 1056768K
  class space    used 638K, capacity 656K, committed 768K, reserved 1048576K
GC Heap History (10 events):
Event: 4.069 GC heap before
{Heap before GC invocations=9 (full 1):
 PSYoungGen      total 144384K, used 135123K [0x00000000eb380000, 0x00000000f5180000, 0x0000000100000000)
  eden space 129024K, 100% used [0x00000000eb380000,0x00000000f3180000,0x00000000f3180000)
  from space 15360K, 39% used [0x00000000f3180000,0x00000000f3774ca8,0x00000000f4080000)
  to   space 13312K, 0% used [0x00000000f4080000,0x00000000f4080000,0x00000000f4d80000)
 ParOldGen       total 85504K, used 43933K [0x00000000c1a00000, 0x00000000c6d80000, 0x00000000eb380000)
  object space 85504K, 51% used [0x00000000c1a00000,0x00000000c44e7420,0x00000000c6d80000)
 Metaspace       used 6682K, capacity 7256K, committed 7424K, reserved 1056768K
  class space    used 638K, capacity 656K, committed 768K, reserved 1048576K
Event: 4.114 GC heap after
Heap after GC invocations=9 (full 1):
 PSYoungGen      total 127488K, used 13312K [0x00000000eb380000, 0x00000000f9280000, 0x0000000100000000)
  eden space 114176K, 0% used [0x00000000eb380000,0x00000000eb380000,0x00000000f2300000)
  from space 13312K, 100% used [0x00000000f4080000,0x00000000f4d80000,0x00000000f4d80000)
  to   space 30208K, 0% used [0x00000000f2300000,0x00000000f2300000,0x00000000f4080000)
 ParOldGen       total 85504K, used 57741K [0x00000000c1a00000, 0x00000000c6d80000, 0x00000000eb380000)
  object space 85504K, 67% used [0x00000000c1a00000,0x00000000c52636a0,0x00000000c6d80000)
 Metaspace       used 6682K, capacity 7256K, committed 7424K, reserved 1056768K
  class space    used 638K, capacity 656K, committed 768K, reserved 1048576K
}
Event: 4.615 GC heap before
{Heap before GC invocations=10 (full 1):
 PSYoungGen      total 127488K, used 127488K [0x00000000eb380000, 0x00000000f9280000, 0x0000000100000000)
  eden space 114176K, 100% used [0x00000000eb380000,0x00000000f2300000,0x00000000f2300000)
  from space 13312K, 100% used [0x00000000f4080000,0x00000000f4d80000,0x00000000f4d80000)
  to   space 30208K, 0% used [0x00000000f2300000,0x00000000f2300000,0x00000000f4080000)
 ParOldGen       total 85504K, used 57741K [0x00000000c1a00000, 0x00000000c6d80000, 0x00000000eb380000)
  object space 85504K, 67% used [0x00000000c1a00000,0x00000000c52636a0,0x00000000c6d80000)
 Metaspace       used 6692K, capacity 7256K, committed 7424K, reserved 1056768K
  class space    used 638K, capacity 656K, committed 768K, reserved 1048576K
Event: 4.664 GC heap after
Heap after GC invocations=10 (full 1):
 PSYoungGen      total 144384K, used 26988K [0x00000000eb380000, 0x00000000f7b00000, 0x0000000100000000)
  eden space 114176K, 0% used [0x00000000eb380000,0x00000000eb380000,0x00000000f2300000)
  from space 30208K, 89% used [0x00000000f2300000,0x00000000f3d5b0f0,0x00000000f4080000)
  to   space 33792K, 0% used [0x00000000f5a00000,0x00000000f5a00000,0x00000000f7b00000)
 ParOldGen       total 85504K, used 61305K [0x00000000c1a00000, 0x00000000c6d80000, 0x00000000eb380000)
  object space 85504K, 71% used [0x00000000c1a00000,0x00000000c55de5f8,0x00000000c6d80000)
 Metaspace       used 6692K, capacity 7256K, committed 7424K, reserved 1056768K
  class space    used 638K, capacity 656K, committed 768K, reserved 1048576K
}
Event: 5.140 GC heap before
{Heap before GC invocations=11 (full 1):
 PSYoungGen      total 144384K, used 141164K [0x00000000eb380000, 0x00000000f7b00000, 0x0000000100000000)
  eden space 114176K, 100% used [0x00000000eb380000,0x00000000f2300000,0x00000000f2300000)
  from space 30208K, 89% used [0x00000000f2300000,0x00000000f3d5b0f0,0x00000000f4080000)
  to   space 33792K, 0% used [0x00000000f5a00000,0x00000000f5a00000,0x00000000f7b00000)
 ParOldGen       total 85504K, used 61305K [0x00000000c1a00000, 0x00000000c6d80000, 0x00000000eb380000)
  object space 85504K, 71% used [0x00000000c1a00000,0x00000000c55de5f8,0x00000000c6d80000)
 Metaspace       used 6694K, capacity 7256K, committed 7424K, reserved 1056768K
  class space    used 638K, capacity 656K, committed 768K, reserved 1048576K
Event: 5.254 GC heap after
Heap after GC invocations=11 (full 1):
 PSYoungGen      total 161792K, used 33774K [0x00000000eb380000, 0x00000000f9200000, 0x0000000100000000)
  eden space 128000K, 0% used [0x00000000eb380000,0x00000000eb380000,0x00000000f3080000)
  from space 33792K, 99% used [0x00000000f5a00000,0x00000000f7afba08,0x00000000f7b00000)
  to   space 42496K, 0% used [0x00000000f3080000,0x00000000f3080000,0x00000000f5a00000)
 ParOldGen       total 85504K, used 69479K [0x00000000c1a00000, 0x00000000c6d80000, 0x00000000eb380000)
  object space 85504K, 81% used [0x00000000c1a00000,0x00000000c5dd9c70,0x00000000c6d80000)
 Metaspace       used 6694K, capacity 7256K, committed 7424K, reserved 1056768K
  class space    used 638K, capacity 656K, committed 768K, reserved 1048576K
}
Event: 5.747 GC heap before
{Heap before GC invocations=12 (full 1):
 PSYoungGen      total 161792K, used 161774K [0x00000000eb380000, 0x00000000f9200000, 0x0000000100000000)
  eden space 128000K, 100% used [0x00000000eb380000,0x00000000f3080000,0x00000000f3080000)
  from space 33792K, 99% used [0x00000000f5a00000,0x00000000f7afba08,0x00000000f7b00000)
  to   space 42496K, 0% used [0x00000000f3080000,0x00000000f3080000,0x00000000f5a00000)
 ParOldGen       total 85504K, used 69479K [0x00000000c1a00000, 0x00000000c6d80000, 0x00000000eb380000)
  object space 85504K, 81% used [0x00000000c1a00000,0x00000000c5dd9c70,0x00000000c6d80000)
 Metaspace       used 6698K, capacity 7256K, committed 7424K, reserved 1056768K
  class space    used 638K, capacity 656K, committed 768K, reserved 1048576K
Event: 5.849 GC heap after
Heap after GC invocations=12 (full 1):
 PSYoungGen      total 170496K, used 42482K [0x00000000eb380000, 0x00000000fb900000, 0x0000000100000000)
  eden space 128000K, 0% used [0x00000000eb380000,0x00000000eb380000,0x00000000f3080000)
  from space 42496K, 99% used [0x00000000f3080000,0x00000000f59fc828,0x00000000f5a00000)
  to   space 52224K, 0% used [0x00000000f8600000,0x00000000f8600000,0x00000000fb900000)
 ParOldGen       total 85504K, used 78021K [0x00000000c1a00000, 0x00000000c6d80000, 0x00000000eb380000)
  object space 85504K, 91% used [0x00000000c1a00000,0x00000000c6631768,0x00000000c6d80000)
 Metaspace       used 6698K, capacity 7256K, committed 7424K, reserved 1056768K
  class space    used 638K, capacity 656K, committed 768K, reserved 1048576K
}
Event: 5.849 GC heap before
{Heap before GC invocations=13 (full 2):
 PSYoungGen      total 170496K, used 42482K [0x00000000eb380000, 0x00000000fb900000, 0x0000000100000000)
  eden space 128000K, 0% used [0x00000000eb380000,0x00000000eb380000,0x00000000f3080000)
  from space 42496K, 99% used [0x00000000f3080000,0x00000000f59fc828,0x00000000f5a00000)
  to   space 52224K, 0% used [0x00000000f8600000,0x00000000f8600000,0x00000000fb900000)
 ParOldGen       total 85504K, used 78021K [0x00000000c1a00000, 0x00000000c6d80000, 0x00000000eb380000)
  object space 85504K, 91% used [0x00000000c1a00000,0x00000000c6631768,0x00000000c6d80000)
 Metaspace       used 6698K, capacity 7256K, committed 7424K, reserved 1056768K
  class space    used 638K, capacity 656K, committed 768K, reserved 1048576K
Event: 6.634 GC heap after
Heap after GC invocations=13 (full 2):
 PSYoungGen      total 170496K, used 31108K [0x00000000eb380000, 0x00000000fb900000, 0x0000000100000000)
  eden space 128000K, 0% used [0x00000000eb380000,0x00000000eb380000,0x00000000f3080000)
  from space 42496K, 73% used [0x00000000f3080000,0x00000000f4ee12e0,0x00000000f5a00000)
  to   space 52224K, 0% used [0x00000000f8600000,0x00000000f8600000,0x00000000fb900000)
 ParOldGen       total 85504K, used 85153K [0x00000000c1a00000, 0x00000000c6d80000, 0x00000000eb380000)
  object space 85504K, 99% used [0x00000000c1a00000,0x00000000c6d28748,0x00000000c6d80000)
 Metaspace       used 6698K, capacity 7256K, committed 7424K, reserved 1056768K
  class space    used 638K, capacity 656K, committed 768K, reserved 1048576K
}

