# JRE version: Java(TM) SE Runtime Environment (8.0_152-b16) (build 1.8.0_152-b16)
# Java VM: Java HotSpot(TM) 64-Bit Server VM (25.152-b16 mixed mode windows-amd64 compressed oops)
Heap:
 PSYoungGen      total 218112K, used 163467K [0x00000000eb380000, 0x0000000100000000, 0x0000000100000000)
  eden space 176128K, 92% used [0x00000000eb380000,0x00000000f5322c70,0x00000000f5f80000)
  from space 41984K, 0% used [0x00000000f9500000,0x00000000f9500000,0x00000000fbe00000)
  to   space 54784K, 0% used [0x00000000f5f80000,0x00000000f5f80000,0x00000000f9500000)
 ParOldGen       total 82432K, used 82148K [0x00000000c1a00000, 0x00000000c6a80000, 0x00000000eb380000)
  object space 82432K, 99% used [0x00000000c1a00000,0x00000000c6a39210,0x00000000c6a80000)
 Metaspace       used 7045K, capacity 7608K, committed 7936K, reserved 1056768K
  class space    used 657K, capacity 688K, committed 768K, reserved 1048576K
GC Heap History (10 events):
Event: 16.898 GC heap before
{Heap before GC invocations=21 (full 9):
 PSYoungGen      total 218112K, used 176128K [0x00000000eb380000, 0x0000000100000000, 0x0000000100000000)
  eden space 176128K, 100% used [0x00000000eb380000,0x00000000f5f80000,0x00000000f5f80000)
  from space 41984K, 0% used [0x00000000f9500000,0x00000000f9500000,0x00000000fbe00000)
  to   space 54784K, 0% used [0x00000000f5f80000,0x00000000f5f80000,0x00000000f9500000)
 ParOldGen       total 82432K, used 82109K [0x00000000c1a00000, 0x00000000c6a80000, 0x00000000eb380000)
  object space 82432K, 99% used [0x00000000c1a00000,0x00000000c6a2f608,0x00000000c6a80000)
 Metaspace       used 6711K, capacity 7256K, committed 7424K, reserved 1056768K
  class space    used 638K, capacity 656K, committed 768K, reserved 1048576K
Event: 17.787 GC heap after
Heap after GC invocations=21 (full 9):
 PSYoungGen      total 218112K, used 134283K [0x00000000eb380000, 0x0000000100000000, 0x0000000100000000)
  eden space 176128K, 76% used [0x00000000eb380000,0x00000000f36a2da8,0x00000000f5f80000)
  from space 41984K, 0% used [0x00000000f9500000,0x00000000f9500000,0x00000000fbe00000)
  to   space 54784K, 0% used [0x00000000f5f80000,0x00000000f5f80000,0x00000000f9500000)
 ParOldGen       total 82432K, used 82109K [0x00000000c1a00000, 0x00000000c6a80000, 0x00000000eb380000)
  object space 82432K, 99% used [0x00000000c1a00000,0x00000000c6a2f608,0x00000000c6a80000)
 Metaspace       used 6711K, capacity 7256K, committed 7424K, reserved 1056768K
  class space    used 638K, capacity 656K, committed 768K, reserved 1048576K
}
Event: 17.969 GC heap before
{Heap before GC invocations=22 (full 10):
 PSYoungGen      total 218112K, used 176128K [0x00000000eb380000, 0x0000000100000000, 0x0000000100000000)
  eden space 176128K, 100% used [0x00000000eb380000,0x00000000f5f80000,0x00000000f5f80000)
  from space 41984K, 0% used [0x00000000f9500000,0x00000000f9500000,0x00000000fbe00000)
  to   space 54784K, 0% used [0x00000000f5f80000,0x00000000f5f80000,0x00000000f9500000)
 ParOldGen       total 82432K, used 82109K [0x00000000c1a00000, 0x00000000c6a80000, 0x00000000eb380000)
  object space 82432K, 99% used [0x00000000c1a00000,0x00000000c6a2f608,0x00000000c6a80000)
 Metaspace       used 6713K, capacity 7256K, committed 7424K, reserved 1056768K
  class space    used 638K, capacity 656K, committed 768K, reserved 1048576K
Event: 18.805 GC heap after
Heap after GC invocations=22 (full 10):
 PSYoungGen      total 218112K, used 142190K [0x00000000eb380000, 0x0000000100000000, 0x0000000100000000)
  eden space 176128K, 80% used [0x00000000eb380000,0x00000000f3e5ba08,0x00000000f5f80000)
  from space 41984K, 0% used [0x00000000f9500000,0x00000000f9500000,0x00000000fbe00000)
  to   space 54784K, 0% used [0x00000000f5f80000,0x00000000f5f80000,0x00000000f9500000)
 ParOldGen       total 82432K, used 82109K [0x00000000c1a00000, 0x00000000c6a80000, 0x00000000eb380000)
  object space 82432K, 99% used [0x00000000c1a00000,0x00000000c6a2f608,0x00000000c6a80000)
 Metaspace       used 6713K, capacity 7256K, committed 7424K, reserved 1056768K
  class space    used 638K, capacity 656K, committed 768K, reserved 1048576K
}
Event: 18.939 GC heap before
{Heap before GC invocations=23 (full 11):
 PSYoungGen      total 218112K, used 176128K [0x00000000eb380000, 0x0000000100000000, 0x0000000100000000)
  eden space 176128K, 100% used [0x00000000eb380000,0x00000000f5f80000,0x00000000f5f80000)
  from space 41984K, 0% used [0x00000000f9500000,0x00000000f9500000,0x00000000fbe00000)
  to   space 54784K, 0% used [0x00000000f5f80000,0x00000000f5f80000,0x00000000f9500000)
 ParOldGen       total 82432K, used 82109K [0x00000000c1a00000, 0x00000000c6a80000, 0x00000000eb380000)
  object space 82432K, 99% used [0x00000000c1a00000,0x00000000c6a2f608,0x00000000c6a80000)
 Metaspace       used 6713K, capacity 7256K, committed 7424K, reserved 1056768K
  class space    used 638K, capacity 656K, committed 768K, reserved 1048576K
Event: 19.920 GC heap after
Heap after GC invocations=23 (full 11):
 PSYoungGen      total 218112K, used 147264K [0x00000000eb380000, 0x0000000100000000, 0x0000000100000000)
  eden space 176128K, 83% used [0x00000000eb380000,0x00000000f43500e8,0x00000000f5f80000)
  from space 41984K, 0% used [0x00000000f9500000,0x00000000f9500000,0x00000000fbe00000)
  to   space 54784K, 0% used [0x00000000f5f80000,0x00000000f5f80000,0x00000000f9500000)
 ParOldGen       total 82432K, used 82109K [0x00000000c1a00000, 0x00000000c6a80000, 0x00000000eb380000)
  object space 82432K, 99% used [0x00000000c1a00000,0x00000000c6a2f568,0x00000000c6a80000)
 Metaspace       used 6713K, capacity 7256K, committed 7424K, reserved 1056768K
  class space    used 638K, capacity 656K, committed 768K, reserved 1048576K
}
Event: 20.057 GC heap before
{Heap before GC invocations=24 (full 12):
 PSYoungGen      total 218112K, used 176128K [0x00000000eb380000, 0x0000000100000000, 0x0000000100000000)
  eden space 176128K, 100% used [0x00000000eb380000,0x00000000f5f80000,0x00000000f5f80000)
  from space 41984K, 0% used [0x00000000f9500000,0x00000000f9500000,0x00000000fbe00000)
  to   space 54784K, 0% used [0x00000000f5f80000,0x00000000f5f80000,0x00000000f9500000)
 ParOldGen       total 82432K, used 82109K [0x00000000c1a00000, 0x00000000c6a80000, 0x00000000eb380000)
  object space 82432K, 99% used [0x00000000c1a00000,0x00000000c6a2f568,0x00000000c6a80000)
 Metaspace       used 6753K, capacity 7320K, committed 7680K, reserved 1056768K
  class space    used 643K, capacity 656K, committed 768K, reserved 1048576K
Event: 21.210 GC heap after
Heap after GC invocations=24 (full 12):
 PSYoungGen      total 218112K, used 152025K [0x00000000eb380000, 0x0000000100000000, 0x0000000100000000)
  eden space 176128K, 86% used [0x00000000eb380000,0x00000000f47f6618,0x00000000f5f80000)
  from space 41984K, 0% used [0x00000000f9500000,0x00000000f9500000,0x00000000fbe00000)
  to   space 54784K, 0% used [0x00000000f5f80000,0x00000000f5f80000,0x00000000f9500000)
 ParOldGen       total 82432K, used 82081K [0x00000000c1a00000, 0x00000000c6a80000, 0x00000000eb380000)
  object space 82432K, 99% used [0x00000000c1a00000,0x00000000c6a28450,0x00000000c6a80000)
 Metaspace       used 6753K, capacity 7320K, committed 7680K, reserved 1056768K
  class space    used 643K, capacity 656K, committed 768K, reserved 1048576K
}
Event: 22.285 GC heap before
{Heap before GC invocations=25 (full 13):
 PSYoungGen      total 218112K, used 176128K [0x00000000eb380000, 0x0000000100000000, 0x0000000100000000)
  eden space 176128K, 100% used [0x00000000eb380000,0x00000000f5f80000,0x00000000f5f80000)
  from space 41984K, 0% used [0x00000000f9500000,0x00000000f9500000,0x00000000fbe00000)
  to   space 54784K, 0% used [0x00000000f5f80000,0x00000000f5f80000,0x00000000f9500000)
 ParOldGen       total 82432K, used 82081K [0x00000000c1a00000, 0x00000000c6a80000, 0x00000000eb380000)
  object space 82432K, 99% used [0x00000000c1a00000,0x00000000c6a28450,0x00000000c6a80000)
 Metaspace       used 6983K, capacity 7512K, committed 7680K, reserved 1056768K
  class space    used 654K, capacity 656K, committed 768K, reserved 1048576K
Event: 25.563 GC heap after
Heap after GC invocations=25 (full 13):
 PSYoungGen      total 218112K, used 153949K [0x00000000eb380000, 0x0000000100000000, 0x0000000100000000)
  eden space 176128K, 87% used [0x00000000eb380000,0x00000000f49d77f8,0x00000000f5f80000)
  from space 41984K, 0% used [0x00000000f9500000,0x00000000f9500000,0x00000000fbe00000)
  to   space 54784K, 0% used [0x00000000f5f80000,0x00000000f5f80000,0x00000000f9500000)
 ParOldGen       total 82432K, used 82148K [0x00000000c1a00000, 0x00000000c6a80000, 0x00000000eb380000)
  object space 82432K, 99% used [0x00000000c1a00000,0x00000000c6a39210,0x00000000c6a80000)
 Metaspace       used 6983K, capacity 7512K, committed 7680K, reserved 1056768K
  class space    used 654K, capacity 656K, committed 768K, reserved 1048576K
}

