# JRE version: Java(TM) SE Runtime Environment (8.0_152-b16) (build 1.8.0_152-b16)
# Java VM: Java HotSpot(TM) 64-Bit Server VM (25.152-b16 mixed mode windows-amd64 compressed oops)
Heap:
 PSYoungGen      total 6656K, used 5581K [0x00000000eb380000, 0x00000000eba80000, 0x0000000100000000)
  eden space 6144K, 82% used [0x00000000eb380000,0x00000000eb8777e8,0x00000000eb980000)
  from space 512K, 96% used [0x00000000eba00000,0x00000000eba7c010,0x00000000eba80000)
  to   space 512K, 0% used [0x00000000eb980000,0x00000000eb980000,0x00000000eba00000)
 ParOldGen       total 5632K, used 784K [0x00000000c1a00000, 0x00000000c1f80000, 0x00000000eb380000)
  object space 5632K, 13% used [0x00000000c1a00000,0x00000000c1ac4050,0x00000000c1f80000)
 Metaspace       used 7263K, capacity 8148K, committed 8448K, reserved 1056768K
  class space    used 880K, capacity 912K, committed 1024K, reserved 1048576K
GC Heap History (8 events):
Event: 0.168 GC heap before
{Heap before GC invocations=1 (full 0):
 PSYoungGen      total 2048K, used 1536K [0x00000000eb380000, 0x00000000eb600000, 0x0000000100000000)
  eden space 1536K, 100% used [0x00000000eb380000,0x00000000eb500000,0x00000000eb500000)
  from space 512K, 0% used [0x00000000eb580000,0x00000000eb580000,0x00000000eb600000)
  to   space 512K, 0% used [0x00000000eb500000,0x00000000eb500000,0x00000000eb580000)
 ParOldGen       total 5632K, used 0K [0x00000000c1a00000, 0x00000000c1f80000, 0x00000000eb380000)
  object space 5632K, 0% used [0x00000000c1a00000,0x00000000c1a00000,0x00000000c1f80000)
 Metaspace       used 3390K, capacity 4812K, committed 5120K, reserved 1056768K
  class space    used 391K, capacity 456K, committed 512K, reserved 1048576K
Event: 0.170 GC heap after
Heap after GC invocations=1 (full 0):
 PSYoungGen      total 2048K, used 480K [0x00000000eb380000, 0x00000000eb780000, 0x0000000100000000)
  eden space 1536K, 0% used [0x00000000eb380000,0x00000000eb380000,0x00000000eb500000)
  from space 512K, 93% used [0x00000000eb500000,0x00000000eb578020,0x00000000eb580000)
  to   space 512K, 0% used [0x00000000eb700000,0x00000000eb700000,0x00000000eb780000)
 ParOldGen       total 5632K, used 64K [0x00000000c1a00000, 0x00000000c1f80000, 0x00000000eb380000)
  object space 5632K, 1% used [0x00000000c1a00000,0x00000000c1a10000,0x00000000c1f80000)
 Metaspace       used 3390K, capacity 4812K, committed 5120K, reserved 1056768K
  class space    used 391K, capacity 456K, committed 512K, reserved 1048576K
}
Event: 0.229 GC heap before
{Heap before GC invocations=2 (full 0):
 PSYoungGen      total 2048K, used 2016K [0x00000000eb380000, 0x00000000eb780000, 0x0000000100000000)
  eden space 1536K, 100% used [0x00000000eb380000,0x00000000eb500000,0x00000000eb500000)
  from space 512K, 93% used [0x00000000eb500000,0x00000000eb578020,0x00000000eb580000)
  to   space 512K, 0% used [0x00000000eb700000,0x00000000eb700000,0x00000000eb780000)
 ParOldGen       total 5632K, used 64K [0x00000000c1a00000, 0x00000000c1f80000, 0x00000000eb380000)
  object space 5632K, 1% used [0x00000000c1a00000,0x00000000c1a10000,0x00000000c1f80000)
 Metaspace       used 4007K, capacity 5228K, committed 5376K, reserved 1056768K
  class space    used 471K, capacity 488K, committed 512K, reserved 1048576K
Event: 0.231 GC heap after
Heap after GC invocations=2 (full 0):
 PSYoungGen      total 3584K, used 512K [0x00000000eb380000, 0x00000000eb780000, 0x0000000100000000)
  eden space 3072K, 0% used [0x00000000eb380000,0x00000000eb380000,0x00000000eb680000)
  from space 512K, 100% used [0x00000000eb700000,0x00000000eb780000,0x00000000eb780000)
  to   space 512K, 0% used [0x00000000eb680000,0x00000000eb680000,0x00000000eb700000)
 ParOldGen       total 5632K, used 152K [0x00000000c1a00000, 0x00000000c1f80000, 0x00000000eb380000)
  object space 5632K, 2% used [0x00000000c1a00000,0x00000000c1a26000,0x00000000c1f80000)
 Metaspace       used 4007K, capacity 5228K, committed 5376K, reserved 1056768K
  class space    used 471K, capacity 488K, committed 512K, reserved 1048576K
}
Event: 0.322 GC heap before
{Heap before GC invocations=3 (full 0):
 PSYoungGen      total 3584K, used 3584K [0x00000000eb380000, 0x00000000eb780000, 0x0000000100000000)
  eden space 3072K, 100% used [0x00000000eb380000,0x00000000eb680000,0x00000000eb680000)
  from space 512K, 100% used [0x00000000eb700000,0x00000000eb780000,0x00000000eb780000)
  to   space 512K, 0% used [0x00000000eb680000,0x00000000eb680000,0x00000000eb700000)
 ParOldGen       total 5632K, used 152K [0x00000000c1a00000, 0x00000000c1f80000, 0x00000000eb380000)
  object space 5632K, 2% used [0x00000000c1a00000,0x00000000c1a26000,0x00000000c1f80000)
 Metaspace       used 5017K, capacity 6156K, committed 6400K, reserved 1056768K
  class space    used 615K, capacity 648K, committed 768K, reserved 1048576K
Event: 0.323 GC heap after
Heap after GC invocations=3 (full 0):
 PSYoungGen      total 3584K, used 512K [0x00000000eb380000, 0x00000000eba80000, 0x0000000100000000)
  eden space 3072K, 0% used [0x00000000eb380000,0x00000000eb380000,0x00000000eb680000)
  from space 512K, 100% used [0x00000000eb680000,0x00000000eb700000,0x00000000eb700000)
  to   space 512K, 0% used [0x00000000eba00000,0x00000000eba00000,0x00000000eba80000)
 ParOldGen       total 5632K, used 652K [0x00000000c1a00000, 0x00000000c1f80000, 0x00000000eb380000)
  object space 5632K, 11% used [0x00000000c1a00000,0x00000000c1aa3030,0x00000000c1f80000)
 Metaspace       used 5017K, capacity 6156K, committed 6400K, reserved 1056768K
  class space    used 615K, capacity 648K, committed 768K, reserved 1048576K
}
Event: 0.398 GC heap before
{Heap before GC invocations=4 (full 0):
 PSYoungGen      total 3584K, used 3574K [0x00000000eb380000, 0x00000000eba80000, 0x0000000100000000)
  eden space 3072K, 99% used [0x00000000eb380000,0x00000000eb67dbb8,0x00000000eb680000)
  from space 512K, 100% used [0x00000000eb680000,0x00000000eb700000,0x00000000eb700000)
  to   space 512K, 0% used [0x00000000eba00000,0x00000000eba00000,0x00000000eba80000)
 ParOldGen       total 5632K, used 652K [0x00000000c1a00000, 0x00000000c1f80000, 0x00000000eb380000)
  object space 5632K, 11% used [0x00000000c1a00000,0x00000000c1aa3030,0x00000000c1f80000)
 Metaspace       used 6093K, capacity 7180K, committed 7552K, reserved 1056768K
  class space    used 764K, capacity 776K, committed 896K, reserved 1048576K
Event: 0.399 GC heap after
Heap after GC invocations=4 (full 0):
 PSYoungGen      total 6656K, used 496K [0x00000000eb380000, 0x00000000eba80000, 0x0000000100000000)
  eden space 6144K, 0% used [0x00000000eb380000,0x00000000eb380000,0x00000000eb980000)
  from space 512K, 96% used [0x00000000eba00000,0x00000000eba7c010,0x00000000eba80000)
  to   space 512K, 0% used [0x00000000eb980000,0x00000000eb980000,0x00000000eba00000)
 ParOldGen       total 5632K, used 784K [0x00000000c1a00000, 0x00000000c1f80000, 0x00000000eb380000)
  object space 5632K, 13% used [0x00000000c1a00000,0x00000000c1ac4050,0x00000000c1f80000)
 Metaspace       used 6093K, capacity 7180K, committed 7552K, reserved 1056768K
  class space    used 764K, capacity 776K, committed 896K, reserved 1048576K
}

